<?xml version="1.0" encoding="UTF-8"?>
<testsuites>
  <testsuite name="" tests="8" assertions="22" errors="0" warnings="0" failures="0" skipped="0" time="3.281747">
    <testsuite name="Unit" tests="8" assertions="22" errors="0" warnings="0" failures="0" skipped="0" time="3.281747">
      <testsuite name="Tests\Unit\PasswordHasherTest" file="C:\Users\julia.DPIMEDIA\AIdoc\slimmermetai-site\tests\Unit\PasswordHasherTest.php" tests="8" assertions="22" errors="0" warnings="0" failures="0" skipped="0" time="3.281747">
        <testcase name="testImplementsInterface" class="Tests\Unit\PasswordHasherTest" classname="Tests.Unit.PasswordHasherTest" file="C:\Users\julia.DPIMEDIA\AIdoc\slimmermetai-site\tests\Unit\PasswordHasherTest.php" line="25" assertions="1" time="0.006602"/>
        <testcase name="testCanHashPassword" class="Tests\Unit\PasswordHasherTest" classname="Tests.Unit.PasswordHasherTest" file="C:\Users\julia.DPIMEDIA\AIdoc\slimmermetai-site\tests\Unit\PasswordHasherTest.php" line="30" assertions="3" time="0.407415"/>
        <testcase name="testCanVerifyPassword" class="Tests\Unit\PasswordHasherTest" classname="Tests.Unit.PasswordHasherTest" file="C:\Users\julia.DPIMEDIA\AIdoc\slimmermetai-site\tests\Unit\PasswordHasherTest.php" line="40" assertions="2" time="0.609174"/>
        <testcase name="testNeedsRehash" class="Tests\Unit\PasswordHasherTest" classname="Tests.Unit.PasswordHasherTest" file="C:\Users\julia.DPIMEDIA\AIdoc\slimmermetai-site\tests\Unit\PasswordHasherTest.php" line="49" assertions="2" time="0.202738"/>
        <testcase name="testPasswordStrengthValidation" class="Tests\Unit\PasswordHasherTest" classname="Tests.Unit.PasswordHasherTest" file="C:\Users\julia.DPIMEDIA\AIdoc\slimmermetai-site\tests\Unit\PasswordHasherTest.php" line="63" assertions="6" time="0.000311"/>
        <testcase name="testCustomMinimumLength" class="Tests\Unit\PasswordHasherTest" classname="Tests.Unit.PasswordHasherTest" file="C:\Users\julia.DPIMEDIA\AIdoc\slimmermetai-site\tests\Unit\PasswordHasherTest.php" line="76" assertions="2" time="0.000095"/>
        <testcase name="testDifferentCostFactors" class="Tests\Unit\PasswordHasherTest" classname="Tests.Unit.PasswordHasherTest" file="C:\Users\julia.DPIMEDIA\AIdoc\slimmermetai-site\tests\Unit\PasswordHasherTest.php" line="82" assertions="3" time="1.652120"/>
        <testcase name="testEmptyPasswordHandling" class="Tests\Unit\PasswordHasherTest" classname="Tests.Unit.PasswordHasherTest" file="C:\Users\julia.DPIMEDIA\AIdoc\slimmermetai-site\tests\Unit\PasswordHasherTest.php" line="99" assertions="3" time="0.403290"/>
      </testsuite>
    </testsuite>
  </testsuite>
</testsuites>
