<?xml version="1.0" encoding="UTF-8"?>
<testsuites>
  <testsuite name="" tests="234" assertions="788" errors="0" warnings="0" failures="4" skipped="3" time="22.047244">
    <testsuite name="Unit" tests="143" assertions="332" errors="0" warnings="0" failures="0" skipped="2" time="4.104833">
      <testsuite name="Tests\Unit\AuthRepositoryTest" file="C:\Users\julia.DPIMEDIA\AIdoc\slimmermetai-site\tests\Unit\AuthRepositoryTest.php" tests="26" assertions="36" errors="0" warnings="0" failures="0" skipped="0" time="0.089747">
        <testcase name="testFindByEmailWithExistingUser" class="Tests\Unit\AuthRepositoryTest" classname="Tests.Unit.AuthRepositoryTest" file="C:\Users\julia.DPIMEDIA\AIdoc\slimmermetai-site\tests\Unit\AuthRepositoryTest.php" line="27" assertions="3" time="0.050145"/>
        <testcase name="testFindByEmailWithNonExistentUser" class="Tests\Unit\AuthRepositoryTest" classname="Tests.Unit.AuthRepositoryTest" file="C:\Users\julia.DPIMEDIA\AIdoc\slimmermetai-site\tests\Unit\AuthRepositoryTest.php" line="52" assertions="1" time="0.001316"/>
        <testcase name="testFindUserByEmailWithEmailValueObject" class="Tests\Unit\AuthRepositoryTest" classname="Tests.Unit.AuthRepositoryTest" file="C:\Users\julia.DPIMEDIA\AIdoc\slimmermetai-site\tests\Unit\AuthRepositoryTest.php" line="66" assertions="2" time="0.000843"/>
        <testcase name="testFindByIdWithExistingUser" class="Tests\Unit\AuthRepositoryTest" classname="Tests.Unit.AuthRepositoryTest" file="C:\Users\julia.DPIMEDIA\AIdoc\slimmermetai-site\tests\Unit\AuthRepositoryTest.php" line="89" assertions="2" time="0.001511"/>
        <testcase name="testCreateUser" class="Tests\Unit\AuthRepositoryTest" classname="Tests.Unit.AuthRepositoryTest" file="C:\Users\julia.DPIMEDIA\AIdoc\slimmermetai-site\tests\Unit\AuthRepositoryTest.php" line="111" assertions="3" time="0.007741"/>
        <testcase name="testCreateUserWithTransaction" class="Tests\Unit\AuthRepositoryTest" classname="Tests.Unit.AuthRepositoryTest" file="C:\Users\julia.DPIMEDIA\AIdoc\slimmermetai-site\tests\Unit\AuthRepositoryTest.php" line="157" assertions="1" time="0.003102"/>
        <testcase name="testUpdatePassword" class="Tests\Unit\AuthRepositoryTest" classname="Tests.Unit.AuthRepositoryTest" file="C:\Users\julia.DPIMEDIA\AIdoc\slimmermetai-site\tests\Unit\AuthRepositoryTest.php" line="193" assertions="1" time="0.001910"/>
        <testcase name="testUpdateLastLogin" class="Tests\Unit\AuthRepositoryTest" classname="Tests.Unit.AuthRepositoryTest" file="C:\Users\julia.DPIMEDIA\AIdoc\slimmermetai-site\tests\Unit\AuthRepositoryTest.php" line="207" assertions="1" time="0.001535"/>
        <testcase name="testCreatePasswordResetToken" class="Tests\Unit\AuthRepositoryTest" classname="Tests.Unit.AuthRepositoryTest" file="C:\Users\julia.DPIMEDIA\AIdoc\slimmermetai-site\tests\Unit\AuthRepositoryTest.php" line="220" assertions="1" time="0.001986"/>
        <testcase name="testFindPasswordResetToken" class="Tests\Unit\AuthRepositoryTest" classname="Tests.Unit.AuthRepositoryTest" file="C:\Users\julia.DPIMEDIA\AIdoc\slimmermetai-site\tests\Unit\AuthRepositoryTest.php" line="233" assertions="2" time="0.001136"/>
        <testcase name="testValidatePasswordResetToken" class="Tests\Unit\AuthRepositoryTest" classname="Tests.Unit.AuthRepositoryTest" file="C:\Users\julia.DPIMEDIA\AIdoc\slimmermetai-site\tests\Unit\AuthRepositoryTest.php" line="255" assertions="1" time="0.001112"/>
        <testcase name="testValidateExpiredPasswordResetToken" class="Tests\Unit\AuthRepositoryTest" classname="Tests.Unit.AuthRepositoryTest" file="C:\Users\julia.DPIMEDIA\AIdoc\slimmermetai-site\tests\Unit\AuthRepositoryTest.php" line="274" assertions="1" time="0.001449"/>
        <testcase name="testDeletePasswordResetToken" class="Tests\Unit\AuthRepositoryTest" classname="Tests.Unit.AuthRepositoryTest" file="C:\Users\julia.DPIMEDIA\AIdoc\slimmermetai-site\tests\Unit\AuthRepositoryTest.php" line="288" assertions="1" time="0.001040"/>
        <testcase name="testBlacklistToken" class="Tests\Unit\AuthRepositoryTest" classname="Tests.Unit.AuthRepositoryTest" file="C:\Users\julia.DPIMEDIA\AIdoc\slimmermetai-site\tests\Unit\AuthRepositoryTest.php" line="301" assertions="1" time="0.001047"/>
        <testcase name="testIsTokenBlacklisted" class="Tests\Unit\AuthRepositoryTest" classname="Tests.Unit.AuthRepositoryTest" file="C:\Users\julia.DPIMEDIA\AIdoc\slimmermetai-site\tests\Unit\AuthRepositoryTest.php" line="314" assertions="1" time="0.001119"/>
        <testcase name="testIsTokenNotBlacklisted" class="Tests\Unit\AuthRepositoryTest" classname="Tests.Unit.AuthRepositoryTest" file="C:\Users\julia.DPIMEDIA\AIdoc\slimmermetai-site\tests\Unit\AuthRepositoryTest.php" line="327" assertions="1" time="0.000916"/>
        <testcase name="testGetUserLoginHistory" class="Tests\Unit\AuthRepositoryTest" classname="Tests.Unit.AuthRepositoryTest" file="C:\Users\julia.DPIMEDIA\AIdoc\slimmermetai-site\tests\Unit\AuthRepositoryTest.php" line="340" assertions="2" time="0.001971"/>
        <testcase name="testGetLoginHistory" class="Tests\Unit\AuthRepositoryTest" classname="Tests.Unit.AuthRepositoryTest" file="C:\Users\julia.DPIMEDIA\AIdoc\slimmermetai-site\tests\Unit\AuthRepositoryTest.php" line="372" assertions="2" time="0.000822"/>
        <testcase name="testLogLoginAttempt" class="Tests\Unit\AuthRepositoryTest" classname="Tests.Unit.AuthRepositoryTest" file="C:\Users\julia.DPIMEDIA\AIdoc\slimmermetai-site\tests\Unit\AuthRepositoryTest.php" line="397" assertions="1" time="0.001431"/>
        <testcase name="testRecordLoginAttempt" class="Tests\Unit\AuthRepositoryTest" classname="Tests.Unit.AuthRepositoryTest" file="C:\Users\julia.DPIMEDIA\AIdoc\slimmermetai-site\tests\Unit\AuthRepositoryTest.php" line="412" assertions="1" time="0.001170"/>
        <testcase name="testGetFailedLoginAttempts" class="Tests\Unit\AuthRepositoryTest" classname="Tests.Unit.AuthRepositoryTest" file="C:\Users\julia.DPIMEDIA\AIdoc\slimmermetai-site\tests\Unit\AuthRepositoryTest.php" line="427" assertions="1" time="0.001211"/>
        <testcase name="testDeactivateUser" class="Tests\Unit\AuthRepositoryTest" classname="Tests.Unit.AuthRepositoryTest" file="C:\Users\julia.DPIMEDIA\AIdoc\slimmermetai-site\tests\Unit\AuthRepositoryTest.php" line="441" assertions="1" time="0.001206"/>
        <testcase name="testActivateUser" class="Tests\Unit\AuthRepositoryTest" classname="Tests.Unit.AuthRepositoryTest" file="C:\Users\julia.DPIMEDIA\AIdoc\slimmermetai-site\tests\Unit\AuthRepositoryTest.php" line="454" assertions="1" time="0.001083"/>
        <testcase name="testDeleteExpiredTokens" class="Tests\Unit\AuthRepositoryTest" classname="Tests.Unit.AuthRepositoryTest" file="C:\Users\julia.DPIMEDIA\AIdoc\slimmermetai-site\tests\Unit\AuthRepositoryTest.php" line="467" assertions="1" time="0.001025"/>
        <testcase name="testCreateEmailVerificationToken" class="Tests\Unit\AuthRepositoryTest" classname="Tests.Unit.AuthRepositoryTest" file="C:\Users\julia.DPIMEDIA\AIdoc\slimmermetai-site\tests\Unit\AuthRepositoryTest.php" line="483" assertions="1" time="0.000745"/>
        <testcase name="testVerifyEmailToken" class="Tests\Unit\AuthRepositoryTest" classname="Tests.Unit.AuthRepositoryTest" file="C:\Users\julia.DPIMEDIA\AIdoc\slimmermetai-site\tests\Unit\AuthRepositoryTest.php" line="498" assertions="2" time="0.001175"/>
      </testsuite>
      <testsuite name="Tests\Unit\AuthServiceTest" file="C:\Users\julia.DPIMEDIA\AIdoc\slimmermetai-site\tests\Unit\AuthServiceTest.php" tests="13" assertions="28" errors="0" warnings="0" failures="0" skipped="0" time="0.042777">
        <testcase name="testSuccessfulLogin" class="Tests\Unit\AuthServiceTest" classname="Tests.Unit.AuthServiceTest" file="C:\Users\julia.DPIMEDIA\AIdoc\slimmermetai-site\tests\Unit\AuthServiceTest.php" line="41" assertions="4" time="0.020097"/>
        <testcase name="testLoginWithInvalidEmail" class="Tests\Unit\AuthServiceTest" classname="Tests.Unit.AuthServiceTest" file="C:\Users\julia.DPIMEDIA\AIdoc\slimmermetai-site\tests\Unit\AuthServiceTest.php" line="82" assertions="2" time="0.001391"/>
        <testcase name="testLoginWithWrongPassword" class="Tests\Unit\AuthServiceTest" classname="Tests.Unit.AuthServiceTest" file="C:\Users\julia.DPIMEDIA\AIdoc\slimmermetai-site\tests\Unit\AuthServiceTest.php" line="98" assertions="2" time="0.002605"/>
        <testcase name="testSuccessfulRegistration" class="Tests\Unit\AuthServiceTest" classname="Tests.Unit.AuthServiceTest" file="C:\Users\julia.DPIMEDIA\AIdoc\slimmermetai-site\tests\Unit\AuthServiceTest.php" line="123" assertions="4" time="0.003833"/>
        <testcase name="testRegistrationWithExistingEmail" class="Tests\Unit\AuthServiceTest" classname="Tests.Unit.AuthServiceTest" file="C:\Users\julia.DPIMEDIA\AIdoc\slimmermetai-site\tests\Unit\AuthServiceTest.php" line="163" assertions="2" time="0.001954"/>
        <testcase name="testRegistrationWithWeakPassword" class="Tests\Unit\AuthServiceTest" classname="Tests.Unit.AuthServiceTest" file="C:\Users\julia.DPIMEDIA\AIdoc\slimmermetai-site\tests\Unit\AuthServiceTest.php" line="187" assertions="2" time="0.001685"/>
        <testcase name="testTokenVerification" class="Tests\Unit\AuthServiceTest" classname="Tests.Unit.AuthServiceTest" file="C:\Users\julia.DPIMEDIA\AIdoc\slimmermetai-site\tests\Unit\AuthServiceTest.php" line="209" assertions="1" time="0.001354"/>
        <testcase name="testTokenVerificationWithInvalidToken" class="Tests\Unit\AuthServiceTest" classname="Tests.Unit.AuthServiceTest" file="C:\Users\julia.DPIMEDIA\AIdoc\slimmermetai-site\tests\Unit\AuthServiceTest.php" line="229" assertions="1" time="0.001309"/>
        <testcase name="testTokenRefresh" class="Tests\Unit\AuthServiceTest" classname="Tests.Unit.AuthServiceTest" file="C:\Users\julia.DPIMEDIA\AIdoc\slimmermetai-site\tests\Unit\AuthServiceTest.php" line="244" assertions="3" time="0.001572"/>
        <testcase name="testTokenRefreshWithInvalidToken" class="Tests\Unit\AuthServiceTest" classname="Tests.Unit.AuthServiceTest" file="C:\Users\julia.DPIMEDIA\AIdoc\slimmermetai-site\tests\Unit\AuthServiceTest.php" line="269" assertions="2" time="0.002012"/>
        <testcase name="testLogout" class="Tests\Unit\AuthServiceTest" classname="Tests.Unit.AuthServiceTest" file="C:\Users\julia.DPIMEDIA\AIdoc\slimmermetai-site\tests\Unit\AuthServiceTest.php" line="284" assertions="1" time="0.001513"/>
        <testcase name="testGetCurrentUser" class="Tests\Unit\AuthServiceTest" classname="Tests.Unit.AuthServiceTest" file="C:\Users\julia.DPIMEDIA\AIdoc\slimmermetai-site\tests\Unit\AuthServiceTest.php" line="291" assertions="2" time="0.001774"/>
        <testcase name="testGetCurrentUserWithMissingData" class="Tests\Unit\AuthServiceTest" classname="Tests.Unit.AuthServiceTest" file="C:\Users\julia.DPIMEDIA\AIdoc\slimmermetai-site\tests\Unit\AuthServiceTest.php" line="304" assertions="2" time="0.001679"/>
      </testsuite>
      <testsuite name="Tests\Unit\ConfigTest" file="C:\Users\julia.DPIMEDIA\AIdoc\slimmermetai-site\tests\Unit\ConfigTest.php" tests="9" assertions="21" errors="0" warnings="0" failures="0" skipped="0" time="0.022515">
        <testcase name="testConfigCanGetValues" class="Tests\Unit\ConfigTest" classname="Tests.Unit.ConfigTest" file="C:\Users\julia.DPIMEDIA\AIdoc\slimmermetai-site\tests\Unit\ConfigTest.php" line="38" assertions="2" time="0.002640"/>
        <testcase name="testConfigCanGetDefaultValues" class="Tests\Unit\ConfigTest" classname="Tests.Unit.ConfigTest" file="C:\Users\julia.DPIMEDIA\AIdoc\slimmermetai-site\tests\Unit\ConfigTest.php" line="51" assertions="1" time="0.002051"/>
        <testcase name="testConfigCanSetValues" class="Tests\Unit\ConfigTest" classname="Tests.Unit.ConfigTest" file="C:\Users\julia.DPIMEDIA\AIdoc\slimmermetai-site\tests\Unit\ConfigTest.php" line="58" assertions="1" time="0.002099"/>
        <testcase name="testConfigCanCheckIfKeyExists" class="Tests\Unit\ConfigTest" classname="Tests.Unit.ConfigTest" file="C:\Users\julia.DPIMEDIA\AIdoc\slimmermetai-site\tests\Unit\ConfigTest.php" line="67" assertions="2" time="0.002814"/>
        <testcase name="testConfigCanGetAllValues" class="Tests\Unit\ConfigTest" classname="Tests.Unit.ConfigTest" file="C:\Users\julia.DPIMEDIA\AIdoc\slimmermetai-site\tests\Unit\ConfigTest.php" line="74" assertions="2" time="0.002007"/>
        <testcase name="testConfigCanGetTypedValues" class="Tests\Unit\ConfigTest" classname="Tests.Unit.ConfigTest" file="C:\Users\julia.DPIMEDIA\AIdoc\slimmermetai-site\tests\Unit\ConfigTest.php" line="87" assertions="6" time="0.002024"/>
        <testcase name="testEnvironmentValues" class="Tests\Unit\ConfigTest" classname="Tests.Unit.ConfigTest" file="C:\Users\julia.DPIMEDIA\AIdoc\slimmermetai-site\tests\Unit\ConfigTest.php" line="108" assertions="1" time="0.001870"/>
        <testcase name="testSecurityDefaults" class="Tests\Unit\ConfigTest" classname="Tests.Unit.ConfigTest" file="C:\Users\julia.DPIMEDIA\AIdoc\slimmermetai-site\tests\Unit\ConfigTest.php" line="115" assertions="5" time="0.005018"/>
        <testcase name="testConfigWithMissingMethod" class="Tests\Unit\ConfigTest" classname="Tests.Unit.ConfigTest" file="C:\Users\julia.DPIMEDIA\AIdoc\slimmermetai-site\tests\Unit\ConfigTest.php" line="132" assertions="1" time="0.001994"/>
      </testsuite>
      <testsuite name="Tests\Unit\Domain\EmailValueObjectTest" file="C:\Users\julia.DPIMEDIA\AIdoc\slimmermetai-site\tests\Unit\Domain\EmailValueObjectTest.php" tests="20" assertions="52" errors="0" warnings="0" failures="0" skipped="1" time="0.023560">
        <testcase name="testValidEmailCreation" class="Tests\Unit\Domain\EmailValueObjectTest" classname="Tests.Unit.Domain.EmailValueObjectTest" file="C:\Users\julia.DPIMEDIA\AIdoc\slimmermetai-site\tests\Unit\Domain\EmailValueObjectTest.php" line="11" assertions="20" time="0.001214"/>
        <testcase name="testInvalidEmailThrowsException" class="Tests\Unit\Domain\EmailValueObjectTest" classname="Tests.Unit.Domain.EmailValueObjectTest" file="C:\Users\julia.DPIMEDIA\AIdoc\slimmermetai-site\tests\Unit\Domain\EmailValueObjectTest.php" line="33" assertions="2" time="0.002742"/>
        <testcase name="testEmailEquality" class="Tests\Unit\Domain\EmailValueObjectTest" classname="Tests.Unit.Domain.EmailValueObjectTest" file="C:\Users\julia.DPIMEDIA\AIdoc\slimmermetai-site\tests\Unit\Domain\EmailValueObjectTest.php" line="59" assertions="4" time="0.002631"/>
        <testcase name="testEmailCaseInsensitivity" class="Tests\Unit\Domain\EmailValueObjectTest" classname="Tests.Unit.Domain.EmailValueObjectTest" file="C:\Users\julia.DPIMEDIA\AIdoc\slimmermetai-site\tests\Unit\Domain\EmailValueObjectTest.php" line="71" assertions="3" time="0.000911"/>
        <testcase name="testEmailToString" class="Tests\Unit\Domain\EmailValueObjectTest" classname="Tests.Unit.Domain.EmailValueObjectTest" file="C:\Users\julia.DPIMEDIA\AIdoc\slimmermetai-site\tests\Unit\Domain\EmailValueObjectTest.php" line="82" assertions="2" time="0.000776"/>
        <testcase name="testEmailGetValue" class="Tests\Unit\Domain\EmailValueObjectTest" classname="Tests.Unit.Domain.EmailValueObjectTest" file="C:\Users\julia.DPIMEDIA\AIdoc\slimmermetai-site\tests\Unit\Domain\EmailValueObjectTest.php" line="92" assertions="1" time="0.000784"/>
        <testcase name="testEmailSerialization" class="Tests\Unit\Domain\EmailValueObjectTest" classname="Tests.Unit.Domain.EmailValueObjectTest" file="C:\Users\julia.DPIMEDIA\AIdoc\slimmermetai-site\tests\Unit\Domain\EmailValueObjectTest.php" line="101" assertions="2" time="0.000913"/>
        <testcase name="testEmailJsonSerialization" class="Tests\Unit\Domain\EmailValueObjectTest" classname="Tests.Unit.Domain.EmailValueObjectTest" file="C:\Users\julia.DPIMEDIA\AIdoc\slimmermetai-site\tests\Unit\Domain\EmailValueObjectTest.php" line="113" assertions="1" time="0.000697"/>
        <testcase name="testEmailHashing" class="Tests\Unit\Domain\EmailValueObjectTest" classname="Tests.Unit.Domain.EmailValueObjectTest" file="C:\Users\julia.DPIMEDIA\AIdoc\slimmermetai-site\tests\Unit\Domain\EmailValueObjectTest.php" line="125" assertions="3" time="0.001101"/>
        <testcase name="testEmailWithInternationalCharacters" class="Tests\Unit\Domain\EmailValueObjectTest" classname="Tests.Unit.Domain.EmailValueObjectTest" file="C:\Users\julia.DPIMEDIA\AIdoc\slimmermetai-site\tests\Unit\Domain\EmailValueObjectTest.php" line="141" assertions="0" time="0.002070">
          <skipped/>
        </testcase>
        <testcase name="testEmailDomainExtraction" class="Tests\Unit\Domain\EmailValueObjectTest" classname="Tests.Unit.Domain.EmailValueObjectTest" file="C:\Users\julia.DPIMEDIA\AIdoc\slimmermetai-site\tests\Unit\Domain\EmailValueObjectTest.php" line="147" assertions="1" time="0.000719"/>
        <testcase name="testEmailLocalPartExtraction" class="Tests\Unit\Domain\EmailValueObjectTest" classname="Tests.Unit.Domain.EmailValueObjectTest" file="C:\Users\julia.DPIMEDIA\AIdoc\slimmermetai-site\tests\Unit\Domain\EmailValueObjectTest.php" line="162" assertions="1" time="0.000639"/>
        <testcase name="testEmailImmutability" class="Tests\Unit\Domain\EmailValueObjectTest" classname="Tests.Unit.Domain.EmailValueObjectTest" file="C:\Users\julia.DPIMEDIA\AIdoc\slimmermetai-site\tests\Unit\Domain\EmailValueObjectTest.php" line="177" assertions="3" time="0.001899"/>
        <testcase name="testEmailWithPlusAddressing" class="Tests\Unit\Domain\EmailValueObjectTest" classname="Tests.Unit.Domain.EmailValueObjectTest" file="C:\Users\julia.DPIMEDIA\AIdoc\slimmermetai-site\tests\Unit\Domain\EmailValueObjectTest.php" line="190" assertions="1" time="0.000515"/>
        <testcase name="testEmailWithDots" class="Tests\Unit\Domain\EmailValueObjectTest" classname="Tests.Unit.Domain.EmailValueObjectTest" file="C:\Users\julia.DPIMEDIA\AIdoc\slimmermetai-site\tests\Unit\Domain\EmailValueObjectTest.php" line="196" assertions="1" time="0.001877"/>
        <testcase name="testEmailWithNumbers" class="Tests\Unit\Domain\EmailValueObjectTest" classname="Tests.Unit.Domain.EmailValueObjectTest" file="C:\Users\julia.DPIMEDIA\AIdoc\slimmermetai-site\tests\Unit\Domain\EmailValueObjectTest.php" line="202" assertions="1" time="0.000469"/>
        <testcase name="testEmailWithHyphens" class="Tests\Unit\Domain\EmailValueObjectTest" classname="Tests.Unit.Domain.EmailValueObjectTest" file="C:\Users\julia.DPIMEDIA\AIdoc\slimmermetai-site\tests\Unit\Domain\EmailValueObjectTest.php" line="208" assertions="1" time="0.000934"/>
        <testcase name="testEmailWithUnderscores" class="Tests\Unit\Domain\EmailValueObjectTest" classname="Tests.Unit.Domain.EmailValueObjectTest" file="C:\Users\julia.DPIMEDIA\AIdoc\slimmermetai-site\tests\Unit\Domain\EmailValueObjectTest.php" line="214" assertions="1" time="0.000665"/>
        <testcase name="testEmailMaxLength" class="Tests\Unit\Domain\EmailValueObjectTest" classname="Tests.Unit.Domain.EmailValueObjectTest" file="C:\Users\julia.DPIMEDIA\AIdoc\slimmermetai-site\tests\Unit\Domain\EmailValueObjectTest.php" line="220" assertions="1" time="0.000735"/>
        <testcase name="testEmailCloning" class="Tests\Unit\Domain\EmailValueObjectTest" classname="Tests.Unit.Domain.EmailValueObjectTest" file="C:\Users\julia.DPIMEDIA\AIdoc\slimmermetai-site\tests\Unit\Domain\EmailValueObjectTest.php" line="236" assertions="3" time="0.001269"/>
      </testsuite>
      <testsuite name="Tests\Unit\Domain\UserEntityTest" file="C:\Users\julia.DPIMEDIA\AIdoc\slimmermetai-site\tests\Unit\Domain\UserEntityTest.php" tests="14" assertions="40" errors="0" warnings="0" failures="0" skipped="0" time="0.125194">
        <testcase name="testUserCreationWithAllParameters" class="Tests\Unit\Domain\UserEntityTest" classname="Tests.Unit.Domain.UserEntityTest" file="C:\Users\julia.DPIMEDIA\AIdoc\slimmermetai-site\tests\Unit\Domain\UserEntityTest.php" line="11" assertions="6" time="0.000612"/>
        <testcase name="testUserCreationWithDefaults" class="Tests\Unit\Domain\UserEntityTest" classname="Tests.Unit.Domain.UserEntityTest" file="C:\Users\julia.DPIMEDIA\AIdoc\slimmermetai-site\tests\Unit\Domain\UserEntityTest.php" line="30" assertions="6" time="0.000802"/>
        <testcase name="testEmailToString" class="Tests\Unit\Domain\UserEntityTest" classname="Tests.Unit.Domain.UserEntityTest" file="C:\Users\julia.DPIMEDIA\AIdoc\slimmermetai-site\tests\Unit\Domain\UserEntityTest.php" line="45" assertions="1" time="0.000787"/>
        <testcase name="testUserRoles" class="Tests\Unit\Domain\UserEntityTest" classname="Tests.Unit.Domain.UserEntityTest" file="C:\Users\julia.DPIMEDIA\AIdoc\slimmermetai-site\tests\Unit\Domain\UserEntityTest.php" line="54" assertions="3" time="0.000696"/>
        <testcase name="testUserNameHandling" class="Tests\Unit\Domain\UserEntityTest" classname="Tests.Unit.Domain.UserEntityTest" file="C:\Users\julia.DPIMEDIA\AIdoc\slimmermetai-site\tests\Unit\Domain\UserEntityTest.php" line="67" assertions="2" time="0.000808"/>
        <testcase name="testUserIdHandling" class="Tests\Unit\Domain\UserEntityTest" classname="Tests.Unit.Domain.UserEntityTest" file="C:\Users\julia.DPIMEDIA\AIdoc\slimmermetai-site\tests\Unit\Domain\UserEntityTest.php" line="78" assertions="2" time="0.000792"/>
        <testcase name="testCreatedAtDefaultsToNow" class="Tests\Unit\Domain\UserEntityTest" classname="Tests.Unit.Domain.UserEntityTest" file="C:\Users\julia.DPIMEDIA\AIdoc\slimmermetai-site\tests\Unit\Domain\UserEntityTest.php" line="89" assertions="4" time="0.001691"/>
        <testcase name="testUserEquality" class="Tests\Unit\Domain\UserEntityTest" classname="Tests.Unit.Domain.UserEntityTest" file="C:\Users\julia.DPIMEDIA\AIdoc\slimmermetai-site\tests\Unit\Domain\UserEntityTest.php" line="102" assertions="3" time="0.000785"/>
        <testcase name="testPasswordHashStorage" class="Tests\Unit\Domain\UserEntityTest" classname="Tests.Unit.Domain.UserEntityTest" file="C:\Users\julia.DPIMEDIA\AIdoc\slimmermetai-site\tests\Unit\Domain\UserEntityTest.php" line="118" assertions="3" time="0.116191"/>
        <testcase name="testUserSerialization" class="Tests\Unit\Domain\UserEntityTest" classname="Tests.Unit.Domain.UserEntityTest" file="C:\Users\julia.DPIMEDIA\AIdoc\slimmermetai-site\tests\Unit\Domain\UserEntityTest.php" line="131" assertions="4" time="0.000652"/>
        <testcase name="testUserWithSpecialCharactersInName" class="Tests\Unit\Domain\UserEntityTest" classname="Tests.Unit.Domain.UserEntityTest" file="C:\Users\julia.DPIMEDIA\AIdoc\slimmermetai-site\tests\Unit\Domain\UserEntityTest.php" line="145" assertions="1" time="0.000367"/>
        <testcase name="testUserWithEmptyStringName" class="Tests\Unit\Domain\UserEntityTest" classname="Tests.Unit.Domain.UserEntityTest" file="C:\Users\julia.DPIMEDIA\AIdoc\slimmermetai-site\tests\Unit\Domain\UserEntityTest.php" line="155" assertions="1" time="0.000331"/>
        <testcase name="testUserWithNumericStringId" class="Tests\Unit\Domain\UserEntityTest" classname="Tests.Unit.Domain.UserEntityTest" file="C:\Users\julia.DPIMEDIA\AIdoc\slimmermetai-site\tests\Unit\Domain\UserEntityTest.php" line="163" assertions="2" time="0.000329"/>
        <testcase name="testUserCreatedAtImmutability" class="Tests\Unit\Domain\UserEntityTest" classname="Tests.Unit.Domain.UserEntityTest" file="C:\Users\julia.DPIMEDIA\AIdoc\slimmermetai-site\tests\Unit\Domain\UserEntityTest.php" line="174" assertions="2" time="0.000351"/>
      </testsuite>
      <testsuite name="Tests\Unit\Infrastructure\DatabaseTest" file="C:\Users\julia.DPIMEDIA\AIdoc\slimmermetai-site\tests\Unit\Infrastructure\DatabaseTest.php" tests="18" assertions="50" errors="0" warnings="0" failures="0" skipped="0" time="0.021849">
        <testcase name="testDatabaseConnection" class="Tests\Unit\Infrastructure\DatabaseTest" classname="Tests.Unit.Infrastructure.DatabaseTest" file="C:\Users\julia.DPIMEDIA\AIdoc\slimmermetai-site\tests\Unit\Infrastructure\DatabaseTest.php" line="36" assertions="2" time="0.004988"/>
        <testcase name="testDatabaseQuery" class="Tests\Unit\Infrastructure\DatabaseTest" classname="Tests.Unit.Infrastructure.DatabaseTest" file="C:\Users\julia.DPIMEDIA\AIdoc\slimmermetai-site\tests\Unit\Infrastructure\DatabaseTest.php" line="44" assertions="4" time="0.006680"/>
        <testcase name="testDatabaseQueryFirst" class="Tests\Unit\Infrastructure\DatabaseTest" classname="Tests.Unit.Infrastructure.DatabaseTest" file="C:\Users\julia.DPIMEDIA\AIdoc\slimmermetai-site\tests\Unit\Infrastructure\DatabaseTest.php" line="62" assertions="3" time="0.001128"/>
        <testcase name="testDatabaseQueryFirstReturnsNullForNoResults" class="Tests\Unit\Infrastructure\DatabaseTest" classname="Tests.Unit.Infrastructure.DatabaseTest" file="C:\Users\julia.DPIMEDIA\AIdoc\slimmermetai-site\tests\Unit\Infrastructure\DatabaseTest.php" line="75" assertions="1" time="0.000626"/>
        <testcase name="testDatabaseExecute" class="Tests\Unit\Infrastructure\DatabaseTest" classname="Tests.Unit.Infrastructure.DatabaseTest" file="C:\Users\julia.DPIMEDIA\AIdoc\slimmermetai-site\tests\Unit\Infrastructure\DatabaseTest.php" line="84" assertions="2" time="0.000564"/>
        <testcase name="testDatabaseInsert" class="Tests\Unit\Infrastructure\DatabaseTest" classname="Tests.Unit.Infrastructure.DatabaseTest" file="C:\Users\julia.DPIMEDIA\AIdoc\slimmermetai-site\tests\Unit\Infrastructure\DatabaseTest.php" line="100" assertions="3" time="0.000562"/>
        <testcase name="testDatabaseTransactionCommit" class="Tests\Unit\Infrastructure\DatabaseTest" classname="Tests.Unit.Infrastructure.DatabaseTest" file="C:\Users\julia.DPIMEDIA\AIdoc\slimmermetai-site\tests\Unit\Infrastructure\DatabaseTest.php" line="117" assertions="2" time="0.000526"/>
        <testcase name="testDatabaseTransactionRollback" class="Tests\Unit\Infrastructure\DatabaseTest" classname="Tests.Unit.Infrastructure.DatabaseTest" file="C:\Users\julia.DPIMEDIA\AIdoc\slimmermetai-site\tests\Unit\Infrastructure\DatabaseTest.php" line="136" assertions="3" time="0.000567"/>
        <testcase name="testDatabaseInTransaction" class="Tests\Unit\Infrastructure\DatabaseTest" classname="Tests.Unit.Infrastructure.DatabaseTest" file="C:\Users\julia.DPIMEDIA\AIdoc\slimmermetai-site\tests\Unit\Infrastructure\DatabaseTest.php" line="158" assertions="3" time="0.000454"/>
        <testcase name="testDatabaseLastInsertId" class="Tests\Unit\Infrastructure\DatabaseTest" classname="Tests.Unit.Infrastructure.DatabaseTest" file="C:\Users\julia.DPIMEDIA\AIdoc\slimmermetai-site\tests\Unit\Infrastructure\DatabaseTest.php" line="169" assertions="2" time="0.000501"/>
        <testcase name="testDatabasePrepareAndExecute" class="Tests\Unit\Infrastructure\DatabaseTest" classname="Tests.Unit.Infrastructure.DatabaseTest" file="C:\Users\julia.DPIMEDIA\AIdoc\slimmermetai-site\tests\Unit\Infrastructure\DatabaseTest.php" line="181" assertions="3" time="0.000584"/>
        <testcase name="testDatabaseQueryWithNamedParameters" class="Tests\Unit\Infrastructure\DatabaseTest" classname="Tests.Unit.Infrastructure.DatabaseTest" file="C:\Users\julia.DPIMEDIA\AIdoc\slimmermetai-site\tests\Unit\Infrastructure\DatabaseTest.php" line="197" assertions="2" time="0.000754"/>
        <testcase name="testDatabaseErrorHandling" class="Tests\Unit\Infrastructure\DatabaseTest" classname="Tests.Unit.Infrastructure.DatabaseTest" file="C:\Users\julia.DPIMEDIA\AIdoc\slimmermetai-site\tests\Unit\Infrastructure\DatabaseTest.php" line="212" assertions="1" time="0.000654"/>
        <testcase name="testDatabaseMultipleQueries" class="Tests\Unit\Infrastructure\DatabaseTest" classname="Tests.Unit.Infrastructure.DatabaseTest" file="C:\Users\julia.DPIMEDIA\AIdoc\slimmermetai-site\tests\Unit\Infrastructure\DatabaseTest.php" line="220" assertions="11" time="0.000779"/>
        <testcase name="testDatabaseConnectionReuse" class="Tests\Unit\Infrastructure\DatabaseTest" classname="Tests.Unit.Infrastructure.DatabaseTest" file="C:\Users\julia.DPIMEDIA\AIdoc\slimmermetai-site\tests\Unit\Infrastructure\DatabaseTest.php" line="241" assertions="1" time="0.000405"/>
        <testcase name="testDatabaseConfigurationTypes" class="Tests\Unit\Infrastructure\DatabaseTest" classname="Tests.Unit.Infrastructure.DatabaseTest" file="C:\Users\julia.DPIMEDIA\AIdoc\slimmermetai-site\tests\Unit\Infrastructure\DatabaseTest.php" line="250" assertions="4" time="0.000511"/>
        <testcase name="testDatabaseBatchOperations" class="Tests\Unit\Infrastructure\DatabaseTest" classname="Tests.Unit.Infrastructure.DatabaseTest" file="C:\Users\julia.DPIMEDIA\AIdoc\slimmermetai-site\tests\Unit\Infrastructure\DatabaseTest.php" line="271" assertions="1" time="0.001147"/>
        <testcase name="testDatabaseConnectionAttributes" class="Tests\Unit\Infrastructure\DatabaseTest" classname="Tests.Unit.Infrastructure.DatabaseTest" file="C:\Users\julia.DPIMEDIA\AIdoc\slimmermetai-site\tests\Unit\Infrastructure\DatabaseTest.php" line="293" assertions="2" time="0.000419"/>
      </testsuite>
      <testsuite name="Tests\Unit\Middleware\AuthMiddlewareIntegrationTest" file="C:\Users\julia.DPIMEDIA\AIdoc\slimmermetai-site\tests\Unit\Middleware\AuthMiddlewareIntegrationTest.php" tests="10" assertions="31" errors="0" warnings="0" failures="0" skipped="0" time="0.038170">
        <testcase name="testValidTokenPassesThrough" class="Tests\Unit\Middleware\AuthMiddlewareIntegrationTest" classname="Tests.Unit.Middleware.AuthMiddlewareIntegrationTest" file="C:\Users\julia.DPIMEDIA\AIdoc\slimmermetai-site\tests\Unit\Middleware\AuthMiddlewareIntegrationTest.php" line="76" assertions="2" time="0.018162"/>
        <testcase name="testMissingAuthorizationHeaderReturnsUnauthorized" class="Tests\Unit\Middleware\AuthMiddlewareIntegrationTest" classname="Tests.Unit.Middleware.AuthMiddlewareIntegrationTest" file="C:\Users\julia.DPIMEDIA\AIdoc\slimmermetai-site\tests\Unit\Middleware\AuthMiddlewareIntegrationTest.php" line="100" assertions="5" time="0.002909"/>
        <testcase name="testInvalidAuthorizationFormatReturnsUnauthorized" class="Tests\Unit\Middleware\AuthMiddlewareIntegrationTest" classname="Tests.Unit.Middleware.AuthMiddlewareIntegrationTest" file="C:\Users\julia.DPIMEDIA\AIdoc\slimmermetai-site\tests\Unit\Middleware\AuthMiddlewareIntegrationTest.php" line="118" assertions="2" time="0.001899"/>
        <testcase name="testInvalidTokenReturnsUnauthorized" class="Tests\Unit\Middleware\AuthMiddlewareIntegrationTest" classname="Tests.Unit.Middleware.AuthMiddlewareIntegrationTest" file="C:\Users\julia.DPIMEDIA\AIdoc\slimmermetai-site\tests\Unit\Middleware\AuthMiddlewareIntegrationTest.php" line="131" assertions="2" time="0.001962"/>
        <testcase name="testExpiredTokenReturnsUnauthorized" class="Tests\Unit\Middleware\AuthMiddlewareIntegrationTest" classname="Tests.Unit.Middleware.AuthMiddlewareIntegrationTest" file="C:\Users\julia.DPIMEDIA\AIdoc\slimmermetai-site\tests\Unit\Middleware\AuthMiddlewareIntegrationTest.php" line="145" assertions="2" time="0.001884"/>
        <testcase name="testBlacklistedTokenReturnsUnauthorized" class="Tests\Unit\Middleware\AuthMiddlewareIntegrationTest" classname="Tests.Unit.Middleware.AuthMiddlewareIntegrationTest" file="C:\Users\julia.DPIMEDIA\AIdoc\slimmermetai-site\tests\Unit\Middleware\AuthMiddlewareIntegrationTest.php" line="166" assertions="2" time="0.001839"/>
        <testcase name="testDifferentAuthorizationSchemes" class="Tests\Unit\Middleware\AuthMiddlewareIntegrationTest" classname="Tests.Unit.Middleware.AuthMiddlewareIntegrationTest" file="C:\Users\julia.DPIMEDIA\AIdoc\slimmermetai-site\tests\Unit\Middleware\AuthMiddlewareIntegrationTest.php" line="191" assertions="8" time="0.002496"/>
        <testcase name="testCaseInsensitiveBearerScheme" class="Tests\Unit\Middleware\AuthMiddlewareIntegrationTest" classname="Tests.Unit.Middleware.AuthMiddlewareIntegrationTest" file="C:\Users\julia.DPIMEDIA\AIdoc\slimmermetai-site\tests\Unit\Middleware\AuthMiddlewareIntegrationTest.php" line="213" assertions="4" time="0.002951"/>
        <testcase name="testTokenWithoutExpiration" class="Tests\Unit\Middleware\AuthMiddlewareIntegrationTest" classname="Tests.Unit.Middleware.AuthMiddlewareIntegrationTest" file="C:\Users\julia.DPIMEDIA\AIdoc\slimmermetai-site\tests\Unit\Middleware\AuthMiddlewareIntegrationTest.php" line="245" assertions="2" time="0.001780"/>
        <testcase name="testResponseHeaders" class="Tests\Unit\Middleware\AuthMiddlewareIntegrationTest" classname="Tests.Unit.Middleware.AuthMiddlewareIntegrationTest" file="C:\Users\julia.DPIMEDIA\AIdoc\slimmermetai-site\tests\Unit\Middleware\AuthMiddlewareIntegrationTest.php" line="269" assertions="2" time="0.002288"/>
      </testsuite>
      <testsuite name="Tests\Unit\Middleware\AuthMiddlewareTest" file="C:\Users\julia.DPIMEDIA\AIdoc\slimmermetai-site\tests\Unit\Middleware\AuthMiddlewareTest.php" tests="1" assertions="0" errors="0" warnings="0" failures="0" skipped="1" time="0.000675">
        <testcase name="testDisabledBecauseJwtServiceIsFinal" class="Tests\Unit\Middleware\AuthMiddlewareTest" classname="Tests.Unit.Middleware.AuthMiddlewareTest" file="C:\Users\julia.DPIMEDIA\AIdoc\slimmermetai-site\tests\Unit\Middleware\AuthMiddlewareTest.php" line="11" assertions="0" time="0.000675">
          <skipped/>
        </testcase>
      </testsuite>
      <testsuite name="Tests\Unit\PasswordHasherTest" file="C:\Users\julia.DPIMEDIA\AIdoc\slimmermetai-site\tests\Unit\PasswordHasherTest.php" tests="8" assertions="22" errors="0" warnings="0" failures="0" skipped="0" time="3.686271">
        <testcase name="testImplementsInterface" class="Tests\Unit\PasswordHasherTest" classname="Tests.Unit.PasswordHasherTest" file="C:\Users\julia.DPIMEDIA\AIdoc\slimmermetai-site\tests\Unit\PasswordHasherTest.php" line="25" assertions="1" time="0.001304"/>
        <testcase name="testCanHashPassword" class="Tests\Unit\PasswordHasherTest" classname="Tests.Unit.PasswordHasherTest" file="C:\Users\julia.DPIMEDIA\AIdoc\slimmermetai-site\tests\Unit\PasswordHasherTest.php" line="30" assertions="3" time="0.451138"/>
        <testcase name="testCanVerifyPassword" class="Tests\Unit\PasswordHasherTest" classname="Tests.Unit.PasswordHasherTest" file="C:\Users\julia.DPIMEDIA\AIdoc\slimmermetai-site\tests\Unit\PasswordHasherTest.php" line="40" assertions="2" time="0.731271"/>
        <testcase name="testNeedsRehash" class="Tests\Unit\PasswordHasherTest" classname="Tests.Unit.PasswordHasherTest" file="C:\Users\julia.DPIMEDIA\AIdoc\slimmermetai-site\tests\Unit\PasswordHasherTest.php" line="49" assertions="2" time="0.232519"/>
        <testcase name="testPasswordStrengthValidation" class="Tests\Unit\PasswordHasherTest" classname="Tests.Unit.PasswordHasherTest" file="C:\Users\julia.DPIMEDIA\AIdoc\slimmermetai-site\tests\Unit\PasswordHasherTest.php" line="63" assertions="6" time="0.000590"/>
        <testcase name="testCustomMinimumLength" class="Tests\Unit\PasswordHasherTest" classname="Tests.Unit.PasswordHasherTest" file="C:\Users\julia.DPIMEDIA\AIdoc\slimmermetai-site\tests\Unit\PasswordHasherTest.php" line="76" assertions="2" time="0.000468"/>
        <testcase name="testDifferentCostFactors" class="Tests\Unit\PasswordHasherTest" classname="Tests.Unit.PasswordHasherTest" file="C:\Users\julia.DPIMEDIA\AIdoc\slimmermetai-site\tests\Unit\PasswordHasherTest.php" line="82" assertions="3" time="1.807273"/>
        <testcase name="testEmptyPasswordHandling" class="Tests\Unit\PasswordHasherTest" classname="Tests.Unit.PasswordHasherTest" file="C:\Users\julia.DPIMEDIA\AIdoc\slimmermetai-site\tests\Unit\PasswordHasherTest.php" line="99" assertions="3" time="0.461708"/>
      </testsuite>
      <testsuite name="Tests\Unit\StripeControllerTest" file="C:\Users\julia.DPIMEDIA\AIdoc\slimmermetai-site\tests\Unit\StripeControllerTest.php" tests="11" assertions="26" errors="0" warnings="0" failures="0" skipped="0" time="0.021454">
        <testcase name="testCreateSessionSuccess" class="Tests\Unit\StripeControllerTest" classname="Tests.Unit.StripeControllerTest" file="C:\Users\julia.DPIMEDIA\AIdoc\slimmermetai-site\tests\Unit\StripeControllerTest.php" line="30" assertions="3" time="0.006017"/>
        <testcase name="testCreateSessionException" class="Tests\Unit\StripeControllerTest" classname="Tests.Unit.StripeControllerTest" file="C:\Users\julia.DPIMEDIA\AIdoc\slimmermetai-site\tests\Unit\StripeControllerTest.php" line="52" assertions="3" time="0.006661"/>
        <testcase name="testStatusSuccess" class="Tests\Unit\StripeControllerTest" classname="Tests.Unit.StripeControllerTest" file="C:\Users\julia.DPIMEDIA\AIdoc\slimmermetai-site\tests\Unit\StripeControllerTest.php" line="66" assertions="3" time="0.000920"/>
        <testcase name="testStatusException" class="Tests\Unit\StripeControllerTest" classname="Tests.Unit.StripeControllerTest" file="C:\Users\julia.DPIMEDIA\AIdoc\slimmermetai-site\tests\Unit\StripeControllerTest.php" line="83" assertions="3" time="0.001393"/>
        <testcase name="testWebhookSuccess" class="Tests\Unit\StripeControllerTest" classname="Tests.Unit.StripeControllerTest" file="C:\Users\julia.DPIMEDIA\AIdoc\slimmermetai-site\tests\Unit\StripeControllerTest.php" line="99" assertions="3" time="0.000854"/>
        <testcase name="testWebhookException" class="Tests\Unit\StripeControllerTest" classname="Tests.Unit.StripeControllerTest" file="C:\Users\julia.DPIMEDIA\AIdoc\slimmermetai-site\tests\Unit\StripeControllerTest.php" line="115" assertions="3" time="0.000692"/>
        <testcase name="testConfigWithValidKey" class="Tests\Unit\StripeControllerTest" classname="Tests.Unit.StripeControllerTest" file="C:\Users\julia.DPIMEDIA\AIdoc\slimmermetai-site\tests\Unit\StripeControllerTest.php" line="128" assertions="1" time="0.001145"/>
        <testsuite name="Tests\Unit\StripeControllerTest::testCreateSessionWithDifferentData" tests="3" assertions="6" errors="0" warnings="0" failures="0" skipped="0" time="0.003020">
          <testcase name="testCreateSessionWithDifferentData with data set &quot;empty_data&quot;" class="Tests\Unit\StripeControllerTest" classname="Tests.Unit.StripeControllerTest" file="C:\Users\julia.DPIMEDIA\AIdoc\slimmermetai-site\tests\Unit\StripeControllerTest.php" line="161" assertions="2" time="0.001239"/>
          <testcase name="testCreateSessionWithDifferentData with data set &quot;with_line_items&quot;" class="Tests\Unit\StripeControllerTest" classname="Tests.Unit.StripeControllerTest" file="C:\Users\julia.DPIMEDIA\AIdoc\slimmermetai-site\tests\Unit\StripeControllerTest.php" line="161" assertions="2" time="0.000862"/>
          <testcase name="testCreateSessionWithDifferentData with data set &quot;with_metadata&quot;" class="Tests\Unit\StripeControllerTest" classname="Tests.Unit.StripeControllerTest" file="C:\Users\julia.DPIMEDIA\AIdoc\slimmermetai-site\tests\Unit\StripeControllerTest.php" line="161" assertions="2" time="0.000918"/>
        </testsuite>
        <testcase name="testControllerConstructorWithDependency" class="Tests\Unit\StripeControllerTest" classname="Tests.Unit.StripeControllerTest" file="C:\Users\julia.DPIMEDIA\AIdoc\slimmermetai-site\tests\Unit\StripeControllerTest.php" line="173" assertions="1" time="0.000752"/>
      </testsuite>
      <testsuite name="Tests\Unit\StripeServiceTest" file="C:\Users\julia.DPIMEDIA\AIdoc\slimmermetai-site\tests\Unit\StripeServiceTest.php" tests="13" assertions="26" errors="0" warnings="0" failures="0" skipped="0" time="0.032621">
        <testcase name="testServiceHasRequiredMethods" class="Tests\Unit\StripeServiceTest" classname="Tests.Unit.StripeServiceTest" file="C:\Users\julia.DPIMEDIA\AIdoc\slimmermetai-site\tests\Unit\StripeServiceTest.php" line="44" assertions="4" time="0.003341"/>
        <testcase name="testCreateCheckoutSessionInMockMode" class="Tests\Unit\StripeServiceTest" classname="Tests.Unit.StripeServiceTest" file="C:\Users\julia.DPIMEDIA\AIdoc\slimmermetai-site\tests\Unit\StripeServiceTest.php" line="53" assertions="4" time="0.002344"/>
        <testcase name="testCreateCheckoutSessionWithOptions" class="Tests\Unit\StripeServiceTest" classname="Tests.Unit.StripeServiceTest" file="C:\Users\julia.DPIMEDIA\AIdoc\slimmermetai-site\tests\Unit\StripeServiceTest.php" line="82" assertions="3" time="0.000884"/>
        <testcase name="testCreateCheckoutSessionWithEmptyLineItems" class="Tests\Unit\StripeServiceTest" classname="Tests.Unit.StripeServiceTest" file="C:\Users\julia.DPIMEDIA\AIdoc\slimmermetai-site\tests\Unit\StripeServiceTest.php" line="115" assertions="2" time="0.000832"/>
        <testcase name="testCreatePaymentIntentInMockMode" class="Tests\Unit\StripeServiceTest" classname="Tests.Unit.StripeServiceTest" file="C:\Users\julia.DPIMEDIA\AIdoc\slimmermetai-site\tests\Unit\StripeServiceTest.php" line="130" assertions="1" time="0.009914"/>
        <testcase name="testGetPaymentStatusWithMockSession" class="Tests\Unit\StripeServiceTest" classname="Tests.Unit.StripeServiceTest" file="C:\Users\julia.DPIMEDIA\AIdoc\slimmermetai-site\tests\Unit\StripeServiceTest.php" line="155" assertions="1" time="0.003563"/>
        <testcase name="testHandleWebhookWithoutSecret" class="Tests\Unit\StripeServiceTest" classname="Tests.Unit.StripeServiceTest" file="C:\Users\julia.DPIMEDIA\AIdoc\slimmermetai-site\tests\Unit\StripeServiceTest.php" line="166" assertions="2" time="0.001210"/>
        <testcase name="testConstructorWithValidConfig" class="Tests\Unit\StripeServiceTest" classname="Tests.Unit.StripeServiceTest" file="C:\Users\julia.DPIMEDIA\AIdoc\slimmermetai-site\tests\Unit\StripeServiceTest.php" line="185" assertions="1" time="0.001004"/>
        <testcase name="testConstructorWithInvalidStripeKey" class="Tests\Unit\StripeServiceTest" classname="Tests.Unit.StripeServiceTest" file="C:\Users\julia.DPIMEDIA\AIdoc\slimmermetai-site\tests\Unit\StripeServiceTest.php" line="205" assertions="2" time="0.000911"/>
        <testcase name="testStaticGetInstanceMethod" class="Tests\Unit\StripeServiceTest" classname="Tests.Unit.StripeServiceTest" file="C:\Users\julia.DPIMEDIA\AIdoc\slimmermetai-site\tests\Unit\StripeServiceTest.php" line="230" assertions="1" time="0.005966"/>
        <testcase name="testDevelopmentModeDetection" class="Tests\Unit\StripeServiceTest" classname="Tests.Unit.StripeServiceTest" file="C:\Users\julia.DPIMEDIA\AIdoc\slimmermetai-site\tests\Unit\StripeServiceTest.php" line="243" assertions="2" time="0.000996"/>
        <testcase name="testProductionModeWithInvalidKey" class="Tests\Unit\StripeServiceTest" classname="Tests.Unit.StripeServiceTest" file="C:\Users\julia.DPIMEDIA\AIdoc\slimmermetai-site\tests\Unit\StripeServiceTest.php" line="270" assertions="2" time="0.000934"/>
        <testcase name="testCreatePaymentIntentCallsStripeSDK" class="Tests\Unit\StripeServiceTest" classname="Tests.Unit.StripeServiceTest" file="C:\Users\julia.DPIMEDIA\AIdoc\slimmermetai-site\tests\Unit\StripeServiceTest.php" line="310" assertions="1" time="0.000722"/>
      </testsuite>
    </testsuite>
    <testsuite name="Feature" tests="40" assertions="276" errors="0" warnings="0" failures="3" skipped="1" time="14.085319">
      <testsuite name="Tests\Feature\AuthControllerTest" file="C:\Users\julia.DPIMEDIA\AIdoc\slimmermetai-site\tests\Feature\AuthControllerTest.php" tests="17" assertions="53" errors="0" warnings="0" failures="0" skipped="1" time="0.023315">
        <testcase name="testLoginWithValidCredentials" class="Tests\Feature\AuthControllerTest" classname="Tests.Feature.AuthControllerTest" file="C:\Users\julia.DPIMEDIA\AIdoc\slimmermetai-site\tests\Feature\AuthControllerTest.php" line="43" assertions="6" time="0.005673"/>
        <testcase name="testLoginWithInvalidCredentials" class="Tests\Feature\AuthControllerTest" classname="Tests.Feature.AuthControllerTest" file="C:\Users\julia.DPIMEDIA\AIdoc\slimmermetai-site\tests\Feature\AuthControllerTest.php" line="111" assertions="4" time="0.001315"/>
        <testcase name="testLoginWithMissingCredentials" class="Tests\Feature\AuthControllerTest" classname="Tests.Feature.AuthControllerTest" file="C:\Users\julia.DPIMEDIA\AIdoc\slimmermetai-site\tests\Feature\AuthControllerTest.php" line="141" assertions="3" time="0.001221"/>
        <testcase name="testRegisterWithValidData_SKIP" class="Tests\Feature\AuthControllerTest" classname="Tests.Feature.AuthControllerTest" file="C:\Users\julia.DPIMEDIA\AIdoc\slimmermetai-site\tests\Feature\AuthControllerTest.php" line="157" assertions="0" time="0.000576">
          <skipped/>
        </testcase>
        <testcase name="testRegisterWithExistingEmail" class="Tests\Feature\AuthControllerTest" classname="Tests.Feature.AuthControllerTest" file="C:\Users\julia.DPIMEDIA\AIdoc\slimmermetai-site\tests\Feature\AuthControllerTest.php" line="229" assertions="3" time="0.001149"/>
        <testcase name="testRegisterWithValidationErrors" class="Tests\Feature\AuthControllerTest" classname="Tests.Feature.AuthControllerTest" file="C:\Users\julia.DPIMEDIA\AIdoc\slimmermetai-site\tests\Feature\AuthControllerTest.php" line="259" assertions="4" time="0.000899"/>
        <testcase name="testMeWithValidToken" class="Tests\Feature\AuthControllerTest" classname="Tests.Feature.AuthControllerTest" file="C:\Users\julia.DPIMEDIA\AIdoc\slimmermetai-site\tests\Feature\AuthControllerTest.php" line="278" assertions="3" time="0.001670"/>
        <testcase name="testMeWithoutToken" class="Tests\Feature\AuthControllerTest" classname="Tests.Feature.AuthControllerTest" file="C:\Users\julia.DPIMEDIA\AIdoc\slimmermetai-site\tests\Feature\AuthControllerTest.php" line="317" assertions="3" time="0.000855"/>
        <testcase name="testMeWithInvalidToken" class="Tests\Feature\AuthControllerTest" classname="Tests.Feature.AuthControllerTest" file="C:\Users\julia.DPIMEDIA\AIdoc\slimmermetai-site\tests\Feature\AuthControllerTest.php" line="331" assertions="3" time="0.000914"/>
        <testcase name="testForgotPasswordWithValidEmail" class="Tests\Feature\AuthControllerTest" classname="Tests.Feature.AuthControllerTest" file="C:\Users\julia.DPIMEDIA\AIdoc\slimmermetai-site\tests\Feature\AuthControllerTest.php" line="350" assertions="3" time="0.001273"/>
        <testcase name="testForgotPasswordWithInvalidEmail" class="Tests\Feature\AuthControllerTest" classname="Tests.Feature.AuthControllerTest" file="C:\Users\julia.DPIMEDIA\AIdoc\slimmermetai-site\tests\Feature\AuthControllerTest.php" line="382" assertions="3" time="0.000832"/>
        <testcase name="testLogout" class="Tests\Feature\AuthControllerTest" classname="Tests.Feature.AuthControllerTest" file="C:\Users\julia.DPIMEDIA\AIdoc\slimmermetai-site\tests\Feature\AuthControllerTest.php" line="398" assertions="3" time="0.000776"/>
        <testcase name="testInvalidEndpoint" class="Tests\Feature\AuthControllerTest" classname="Tests.Feature.AuthControllerTest" file="C:\Users\julia.DPIMEDIA\AIdoc\slimmermetai-site\tests\Feature\AuthControllerTest.php" line="411" assertions="3" time="0.001170"/>
        <testcase name="testResetPasswordWithValidToken" class="Tests\Feature\AuthControllerTest" classname="Tests.Feature.AuthControllerTest" file="C:\Users\julia.DPIMEDIA\AIdoc\slimmermetai-site\tests\Feature\AuthControllerTest.php" line="424" assertions="3" time="0.001501"/>
        <testcase name="testResetPasswordWithInvalidToken" class="Tests\Feature\AuthControllerTest" classname="Tests.Feature.AuthControllerTest" file="C:\Users\julia.DPIMEDIA\AIdoc\slimmermetai-site\tests\Feature\AuthControllerTest.php" line="468" assertions="3" time="0.001220"/>
        <testcase name="testVerifyEmailWithValidToken" class="Tests\Feature\AuthControllerTest" classname="Tests.Feature.AuthControllerTest" file="C:\Users\julia.DPIMEDIA\AIdoc\slimmermetai-site\tests\Feature\AuthControllerTest.php" line="490" assertions="3" time="0.001383"/>
        <testcase name="testRefreshTokenNotImplemented" class="Tests\Feature\AuthControllerTest" classname="Tests.Feature.AuthControllerTest" file="C:\Users\julia.DPIMEDIA\AIdoc\slimmermetai-site\tests\Feature\AuthControllerTest.php" line="520" assertions="3" time="0.000888"/>
      </testsuite>
      <testsuite name="Tests\Feature\FullUserJourneyFeatureTest" file="C:\Users\julia.DPIMEDIA\AIdoc\slimmermetai-site\tests\Feature\FullUserJourneyFeatureTest.php" tests="8" assertions="92" errors="0" warnings="0" failures="2" skipped="0" time="9.880477">
        <testcase name="testCompleteUserLifecycleFromRegistrationToLogin" class="Tests\Feature\FullUserJourneyFeatureTest" classname="Tests.Feature.FullUserJourneyFeatureTest" file="C:\Users\julia.DPIMEDIA\AIdoc\slimmermetai-site\tests\Feature\FullUserJourneyFeatureTest.php" line="40" assertions="18" time="0.656654"/>
        <testcase name="testPasswordResetCompleteFlow" class="Tests\Feature\FullUserJourneyFeatureTest" classname="Tests.Feature.FullUserJourneyFeatureTest" file="C:\Users\julia.DPIMEDIA\AIdoc\slimmermetai-site\tests\Feature\FullUserJourneyFeatureTest.php" line="115" assertions="5" time="0.904418"/>
        <testcase name="testEmailVerificationCompleteFlow" class="Tests\Feature\FullUserJourneyFeatureTest" classname="Tests.Feature.FullUserJourneyFeatureTest" file="C:\Users\julia.DPIMEDIA\AIdoc\slimmermetai-site\tests\Feature\FullUserJourneyFeatureTest.php" line="172" assertions="4" time="0.002340"/>
        <testcase name="testMultipleFailedLoginAttempts" class="Tests\Feature\FullUserJourneyFeatureTest" classname="Tests.Feature.FullUserJourneyFeatureTest" file="C:\Users\julia.DPIMEDIA\AIdoc\slimmermetai-site\tests\Feature\FullUserJourneyFeatureTest.php" line="208" assertions="6" time="1.329379">
          <failure type="PHPUnit\Framework\ExpectationFailedException">Tests\Feature\FullUserJourneyFeatureTest::testMultipleFailedLoginAttempts
Failed asserting that 0 matches expected 5.

C:\Users\julia.DPIMEDIA\AIdoc\slimmermetai-site\tests\Feature\FullUserJourneyFeatureTest.php:231</failure>
        </testcase>
        <testcase name="testTokenBlacklistingFlow" class="Tests\Feature\FullUserJourneyFeatureTest" classname="Tests.Feature.FullUserJourneyFeatureTest" file="C:\Users\julia.DPIMEDIA\AIdoc\slimmermetai-site\tests\Feature\FullUserJourneyFeatureTest.php" line="244" assertions="20" time="0.732481">
          <failure type="PHPUnit\Framework\ExpectationFailedException">Tests\Feature\FullUserJourneyFeatureTest::testTokenBlacklistingFlow
Failed asserting that 200 matches expected 401.

C:\Users\julia.DPIMEDIA\AIdoc\slimmermetai-site\tests\Feature\FullUserJourneyFeatureTest.php:264</failure>
        </testcase>
        <testcase name="testUserAccountSecurity" class="Tests\Feature\FullUserJourneyFeatureTest" classname="Tests.Feature.FullUserJourneyFeatureTest" file="C:\Users\julia.DPIMEDIA\AIdoc\slimmermetai-site\tests\Feature\FullUserJourneyFeatureTest.php" line="267" assertions="11" time="0.957291"/>
        <testcase name="testDataIntegrityThroughoutJourney" class="Tests\Feature\FullUserJourneyFeatureTest" classname="Tests.Feature.FullUserJourneyFeatureTest" file="C:\Users\julia.DPIMEDIA\AIdoc\slimmermetai-site\tests\Feature\FullUserJourneyFeatureTest.php" line="310" assertions="6" time="0.690568"/>
        <testcase name="testConcurrentUserOperations" class="Tests\Feature\FullUserJourneyFeatureTest" classname="Tests.Feature.FullUserJourneyFeatureTest" file="C:\Users\julia.DPIMEDIA\AIdoc\slimmermetai-site\tests\Feature\FullUserJourneyFeatureTest.php" line="349" assertions="22" time="4.607347"/>
      </testsuite>
      <testsuite name="Tests\Feature\StripeControllerTest" file="C:\Users\julia.DPIMEDIA\AIdoc\slimmermetai-site\tests\Feature\StripeControllerTest.php" tests="6" assertions="27" errors="0" warnings="0" failures="0" skipped="0" time="0.008365">
        <testcase name="testCreateCheckoutSessionWithValidItems" class="Tests\Feature\StripeControllerTest" classname="Tests.Feature.StripeControllerTest" file="C:\Users\julia.DPIMEDIA\AIdoc\slimmermetai-site\tests\Feature\StripeControllerTest.php" line="28" assertions="5" time="0.001070"/>
        <testcase name="testCreateCheckoutSessionWithException" class="Tests\Feature\StripeControllerTest" classname="Tests.Feature.StripeControllerTest" file="C:\Users\julia.DPIMEDIA\AIdoc\slimmermetai-site\tests\Feature\StripeControllerTest.php" line="49" assertions="3" time="0.001511"/>
        <testcase name="testStatusSuccess" class="Tests\Feature\StripeControllerTest" classname="Tests.Feature.StripeControllerTest" file="C:\Users\julia.DPIMEDIA\AIdoc\slimmermetai-site\tests\Feature\StripeControllerTest.php" line="65" assertions="5" time="0.001131"/>
        <testcase name="testWebhookSuccess" class="Tests\Feature\StripeControllerTest" classname="Tests.Feature.StripeControllerTest" file="C:\Users\julia.DPIMEDIA\AIdoc\slimmermetai-site\tests\Feature\StripeControllerTest.php" line="86" assertions="5" time="0.001201"/>
        <testcase name="testWebhookException" class="Tests\Feature\StripeControllerTest" classname="Tests.Feature.StripeControllerTest" file="C:\Users\julia.DPIMEDIA\AIdoc\slimmermetai-site\tests\Feature\StripeControllerTest.php" line="105" assertions="3" time="0.001158"/>
        <testcase name="testConfigSuccess" class="Tests\Feature\StripeControllerTest" classname="Tests.Feature.StripeControllerTest" file="C:\Users\julia.DPIMEDIA\AIdoc\slimmermetai-site\tests\Feature\StripeControllerTest.php" line="120" assertions="6" time="0.002294"/>
      </testsuite>
      <testsuite name="Tests\Feature\UserRegistrationFeatureTest" file="C:\Users\julia.DPIMEDIA\AIdoc\slimmermetai-site\tests\Feature\UserRegistrationFeatureTest.php" tests="9" assertions="104" errors="0" warnings="0" failures="1" skipped="0" time="4.173162">
        <testcase name="testCompleteUserRegistrationJourney" class="Tests\Feature\UserRegistrationFeatureTest" classname="Tests.Feature.UserRegistrationFeatureTest" file="C:\Users\julia.DPIMEDIA\AIdoc\slimmermetai-site\tests\Feature\UserRegistrationFeatureTest.php" line="41" assertions="21" time="0.697498"/>
        <testcase name="testUserRegistrationWithInvalidData" class="Tests\Feature\UserRegistrationFeatureTest" classname="Tests.Feature.UserRegistrationFeatureTest" file="C:\Users\julia.DPIMEDIA\AIdoc\slimmermetai-site\tests\Feature\UserRegistrationFeatureTest.php" line="132" assertions="16" time="0.002323"/>
        <testcase name="testRegistrationWithExistingEmail" class="Tests\Feature\UserRegistrationFeatureTest" classname="Tests.Feature.UserRegistrationFeatureTest" file="C:\Users\julia.DPIMEDIA\AIdoc\slimmermetai-site\tests\Feature\UserRegistrationFeatureTest.php" line="183" assertions="4" time="0.235798"/>
        <testcase name="testEmailVerificationFlow" class="Tests\Feature\UserRegistrationFeatureTest" classname="Tests.Feature.UserRegistrationFeatureTest" file="C:\Users\julia.DPIMEDIA\AIdoc\slimmermetai-site\tests\Feature\UserRegistrationFeatureTest.php" line="213" assertions="4" time="0.247830"/>
        <testcase name="testPasswordResetFlow" class="Tests\Feature\UserRegistrationFeatureTest" classname="Tests.Feature.UserRegistrationFeatureTest" file="C:\Users\julia.DPIMEDIA\AIdoc\slimmermetai-site\tests\Feature\UserRegistrationFeatureTest.php" line="255" assertions="9" time="0.909642"/>
        <testcase name="testUserProfileUpdate" class="Tests\Feature\UserRegistrationFeatureTest" classname="Tests.Feature.UserRegistrationFeatureTest" file="C:\Users\julia.DPIMEDIA\AIdoc\slimmermetai-site\tests\Feature\UserRegistrationFeatureTest.php" line="329" assertions="23" time="0.683239"/>
        <testcase name="testAccountDeletion" class="Tests\Feature\UserRegistrationFeatureTest" classname="Tests.Feature.UserRegistrationFeatureTest" file="C:\Users\julia.DPIMEDIA\AIdoc\slimmermetai-site\tests\Feature\UserRegistrationFeatureTest.php" line="353" assertions="23" time="0.701802"/>
        <testcase name="testSecurityFeatures" class="Tests\Feature\UserRegistrationFeatureTest" classname="Tests.Feature.UserRegistrationFeatureTest" file="C:\Users\julia.DPIMEDIA\AIdoc\slimmermetai-site\tests\Feature\UserRegistrationFeatureTest.php" line="374" assertions="3" time="0.691405"/>
        <testcase name="testDataValidationAndSanitization" class="Tests\Feature\UserRegistrationFeatureTest" classname="Tests.Feature.UserRegistrationFeatureTest" file="C:\Users\julia.DPIMEDIA\AIdoc\slimmermetai-site\tests\Feature\UserRegistrationFeatureTest.php" line="399" assertions="1" time="0.003625">
          <failure type="PHPUnit\Framework\ExpectationFailedException">Tests\Feature\UserRegistrationFeatureTest::testDataValidationAndSanitization
Failed asserting that an array contains 409.

C:\Users\julia.DPIMEDIA\AIdoc\slimmermetai-site\tests\Feature\UserRegistrationFeatureTest.php:416</failure>
        </testcase>
      </testsuite>
    </testsuite>
    <testsuite name="Integration" tests="51" assertions="180" errors="0" warnings="0" failures="1" skipped="0" time="3.857091">
      <testsuite name="Tests\Integration\AuthControllerIntegrationTest" file="C:\Users\julia.DPIMEDIA\AIdoc\slimmermetai-site\tests\Integration\AuthControllerIntegrationTest.php" tests="13" assertions="60" errors="0" warnings="0" failures="1" skipped="0" time="1.505356">
        <testcase name="testCompleteRegistrationFlow" class="Tests\Integration\AuthControllerIntegrationTest" classname="Tests.Integration.AuthControllerIntegrationTest" file="C:\Users\julia.DPIMEDIA\AIdoc\slimmermetai-site\tests\Integration\AuthControllerIntegrationTest.php" line="40" assertions="10" time="0.478629"/>
        <testcase name="testCompleteLoginFlow" class="Tests\Integration\AuthControllerIntegrationTest" classname="Tests.Integration.AuthControllerIntegrationTest" file="C:\Users\julia.DPIMEDIA\AIdoc\slimmermetai-site\tests\Integration\AuthControllerIntegrationTest.php" line="78" assertions="7" time="0.513067"/>
        <testcase name="testLoginWithInvalidCredentials" class="Tests\Integration\AuthControllerIntegrationTest" classname="Tests.Integration.AuthControllerIntegrationTest" file="C:\Users\julia.DPIMEDIA\AIdoc\slimmermetai-site\tests\Integration\AuthControllerIntegrationTest.php" line="117" assertions="4" time="0.003302"/>
        <testcase name="testMeEndpointWithValidToken" class="Tests\Integration\AuthControllerIntegrationTest" classname="Tests.Integration.AuthControllerIntegrationTest" file="C:\Users\julia.DPIMEDIA\AIdoc\slimmermetai-site\tests\Integration\AuthControllerIntegrationTest.php" line="140" assertions="4" time="0.003146"/>
        <testcase name="testMeEndpointWithInvalidToken" class="Tests\Integration\AuthControllerIntegrationTest" classname="Tests.Integration.AuthControllerIntegrationTest" file="C:\Users\julia.DPIMEDIA\AIdoc\slimmermetai-site\tests\Integration\AuthControllerIntegrationTest.php" line="165" assertions="3" time="0.002420"/>
        <testcase name="testForgotPasswordFlow" class="Tests\Integration\AuthControllerIntegrationTest" classname="Tests.Integration.AuthControllerIntegrationTest" file="C:\Users\julia.DPIMEDIA\AIdoc\slimmermetai-site\tests\Integration\AuthControllerIntegrationTest.php" line="179" assertions="5" time="0.003183"/>
        <testcase name="testResetPasswordFlow" class="Tests\Integration\AuthControllerIntegrationTest" classname="Tests.Integration.AuthControllerIntegrationTest" file="C:\Users\julia.DPIMEDIA\AIdoc\slimmermetai-site\tests\Integration\AuthControllerIntegrationTest.php" line="205" assertions="5" time="0.482915"/>
        <testcase name="testEmailVerificationFlow" class="Tests\Integration\AuthControllerIntegrationTest" classname="Tests.Integration.AuthControllerIntegrationTest" file="C:\Users\julia.DPIMEDIA\AIdoc\slimmermetai-site\tests\Integration\AuthControllerIntegrationTest.php" line="241" assertions="4" time="0.003976"/>
        <testcase name="testLogoutEndpoint" class="Tests\Integration\AuthControllerIntegrationTest" classname="Tests.Integration.AuthControllerIntegrationTest" file="C:\Users\julia.DPIMEDIA\AIdoc\slimmermetai-site\tests\Integration\AuthControllerIntegrationTest.php" line="271" assertions="3" time="0.002880"/>
        <testcase name="testRegistrationValidationErrors" class="Tests\Integration\AuthControllerIntegrationTest" classname="Tests.Integration.AuthControllerIntegrationTest" file="C:\Users\julia.DPIMEDIA\AIdoc\slimmermetai-site\tests\Integration\AuthControllerIntegrationTest.php" line="284" assertions="7" time="0.002631"/>
        <testcase name="testInvalidEndpoint" class="Tests\Integration\AuthControllerIntegrationTest" classname="Tests.Integration.AuthControllerIntegrationTest" file="C:\Users\julia.DPIMEDIA\AIdoc\slimmermetai-site\tests\Integration\AuthControllerIntegrationTest.php" line="306" assertions="3" time="0.002510"/>
        <testcase name="testRateLimitingOnFailedLogins" class="Tests\Integration\AuthControllerIntegrationTest" classname="Tests.Integration.AuthControllerIntegrationTest" file="C:\Users\julia.DPIMEDIA\AIdoc\slimmermetai-site\tests\Integration\AuthControllerIntegrationTest.php" line="319" assertions="1" time="0.003602">
          <failure type="PHPUnit\Framework\ExpectationFailedException">Tests\Integration\AuthControllerIntegrationTest::testRateLimitingOnFailedLogins
Failed asserting that 401 matches expected 429.

C:\Users\julia.DPIMEDIA\AIdoc\slimmermetai-site\tests\Integration\AuthControllerIntegrationTest.php:338</failure>
        </testcase>
        <testcase name="testCORSHeaders" class="Tests\Integration\AuthControllerIntegrationTest" classname="Tests.Integration.AuthControllerIntegrationTest" file="C:\Users\julia.DPIMEDIA\AIdoc\slimmermetai-site\tests\Integration\AuthControllerIntegrationTest.php" line="345" assertions="4" time="0.003096"/>
      </testsuite>
      <testsuite name="Tests\Integration\AuthRepositoryIntegrationTest" file="C:\Users\julia.DPIMEDIA\AIdoc\slimmermetai-site\tests\Integration\AuthRepositoryIntegrationTest.php" tests="14" assertions="37" errors="0" warnings="0" failures="0" skipped="0" time="0.021763">
        <testcase name="testCreateUserWithRealDatabase" class="Tests\Integration\AuthRepositoryIntegrationTest" classname="Tests.Integration.AuthRepositoryIntegrationTest" file="C:\Users\julia.DPIMEDIA\AIdoc\slimmermetai-site\tests\Integration\AuthRepositoryIntegrationTest.php" line="21" assertions="5" time="0.001819"/>
        <testcase name="testFindUserByEmailWithRealDatabase" class="Tests\Integration\AuthRepositoryIntegrationTest" classname="Tests.Integration.AuthRepositoryIntegrationTest" file="C:\Users\julia.DPIMEDIA\AIdoc\slimmermetai-site\tests\Integration\AuthRepositoryIntegrationTest.php" line="39" assertions="3" time="0.001637"/>
        <testcase name="testUpdatePasswordWithRealDatabase" class="Tests\Integration\AuthRepositoryIntegrationTest" classname="Tests.Integration.AuthRepositoryIntegrationTest" file="C:\Users\julia.DPIMEDIA\AIdoc\slimmermetai-site\tests\Integration\AuthRepositoryIntegrationTest.php" line="50" assertions="2" time="0.001472"/>
        <testcase name="testCreateEmailVerificationToken" class="Tests\Integration\AuthRepositoryIntegrationTest" classname="Tests.Integration.AuthRepositoryIntegrationTest" file="C:\Users\julia.DPIMEDIA\AIdoc\slimmermetai-site\tests\Integration\AuthRepositoryIntegrationTest.php" line="66" assertions="4" time="0.001958"/>
        <testcase name="testVerifyEmailTokenWithRealDatabase" class="Tests\Integration\AuthRepositoryIntegrationTest" classname="Tests.Integration.AuthRepositoryIntegrationTest" file="C:\Users\julia.DPIMEDIA\AIdoc\slimmermetai-site\tests\Integration\AuthRepositoryIntegrationTest.php" line="86" assertions="3" time="0.002055"/>
        <testcase name="testCreatePasswordResetTokenWithRealDatabase" class="Tests\Integration\AuthRepositoryIntegrationTest" classname="Tests.Integration.AuthRepositoryIntegrationTest" file="C:\Users\julia.DPIMEDIA\AIdoc\slimmermetai-site\tests\Integration\AuthRepositoryIntegrationTest.php" line="108" assertions="3" time="0.001291"/>
        <testcase name="testLogLoginAttemptWithRealDatabase" class="Tests\Integration\AuthRepositoryIntegrationTest" classname="Tests.Integration.AuthRepositoryIntegrationTest" file="C:\Users\julia.DPIMEDIA\AIdoc\slimmermetai-site\tests\Integration\AuthRepositoryIntegrationTest.php" line="124" assertions="4" time="0.001218"/>
        <testcase name="testGetFailedLoginAttemptsWithRealDatabase" class="Tests\Integration\AuthRepositoryIntegrationTest" classname="Tests.Integration.AuthRepositoryIntegrationTest" file="C:\Users\julia.DPIMEDIA\AIdoc\slimmermetai-site\tests\Integration\AuthRepositoryIntegrationTest.php" line="143" assertions="1" time="0.001133"/>
        <testcase name="testBlacklistTokenWithRealDatabase" class="Tests\Integration\AuthRepositoryIntegrationTest" classname="Tests.Integration.AuthRepositoryIntegrationTest" file="C:\Users\julia.DPIMEDIA\AIdoc\slimmermetai-site\tests\Integration\AuthRepositoryIntegrationTest.php" line="159" assertions="2" time="0.001305"/>
        <testcase name="testUpdateLastLoginWithRealDatabase" class="Tests\Integration\AuthRepositoryIntegrationTest" classname="Tests.Integration.AuthRepositoryIntegrationTest" file="C:\Users\julia.DPIMEDIA\AIdoc\slimmermetai-site\tests\Integration\AuthRepositoryIntegrationTest.php" line="172" assertions="2" time="0.001436"/>
        <testcase name="testDeleteExpiredTokensWithRealDatabase" class="Tests\Integration\AuthRepositoryIntegrationTest" classname="Tests.Integration.AuthRepositoryIntegrationTest" file="C:\Users\julia.DPIMEDIA\AIdoc\slimmermetai-site\tests\Integration\AuthRepositoryIntegrationTest.php" line="188" assertions="3" time="0.001262"/>
        <testcase name="testUserLoginHistoryWithRealDatabase" class="Tests\Integration\AuthRepositoryIntegrationTest" classname="Tests.Integration.AuthRepositoryIntegrationTest" file="C:\Users\julia.DPIMEDIA\AIdoc\slimmermetai-site\tests\Integration\AuthRepositoryIntegrationTest.php" line="212" assertions="3" time="0.002258"/>
        <testcase name="testCreateUserWithDuplicateEmailFails" class="Tests\Integration\AuthRepositoryIntegrationTest" classname="Tests.Integration.AuthRepositoryIntegrationTest" file="C:\Users\julia.DPIMEDIA\AIdoc\slimmermetai-site\tests\Integration\AuthRepositoryIntegrationTest.php" line="229" assertions="1" time="0.001430"/>
        <testcase name="testTransactionRollbackOnError" class="Tests\Integration\AuthRepositoryIntegrationTest" classname="Tests.Integration.AuthRepositoryIntegrationTest" file="C:\Users\julia.DPIMEDIA\AIdoc\slimmermetai-site\tests\Integration\AuthRepositoryIntegrationTest.php" line="240" assertions="1" time="0.001487"/>
      </testsuite>
      <testsuite name="Tests\Integration\AuthServiceIntegrationTest" file="C:\Users\julia.DPIMEDIA\AIdoc\slimmermetai-site\tests\Integration\AuthServiceIntegrationTest.php" tests="13" assertions="53" errors="0" warnings="0" failures="0" skipped="0" time="2.268350">
        <testcase name="testFullLoginFlowWithRealServices" class="Tests\Integration\AuthServiceIntegrationTest" classname="Tests.Integration.AuthServiceIntegrationTest" file="C:\Users\julia.DPIMEDIA\AIdoc\slimmermetai-site\tests\Integration\AuthServiceIntegrationTest.php" line="37" assertions="8" time="0.663649"/>
        <testcase name="testFullRegistrationFlowWithRealServices" class="Tests\Integration\AuthServiceIntegrationTest" classname="Tests.Integration.AuthServiceIntegrationTest" file="C:\Users\julia.DPIMEDIA\AIdoc\slimmermetai-site\tests\Integration\AuthServiceIntegrationTest.php" line="71" assertions="7" time="0.445588"/>
        <testcase name="testLoginWithWrongPasswordFails" class="Tests\Integration\AuthServiceIntegrationTest" classname="Tests.Integration.AuthServiceIntegrationTest" file="C:\Users\julia.DPIMEDIA\AIdoc\slimmermetai-site\tests\Integration\AuthServiceIntegrationTest.php" line="93" assertions="2" time="0.002550"/>
        <testcase name="testRegistrationWithWeakPasswordFails" class="Tests\Integration\AuthServiceIntegrationTest" classname="Tests.Integration.AuthServiceIntegrationTest" file="C:\Users\julia.DPIMEDIA\AIdoc\slimmermetai-site\tests\Integration\AuthServiceIntegrationTest.php" line="104" assertions="2" time="0.002472"/>
        <testcase name="testRegistrationWithExistingEmailFails" class="Tests\Integration\AuthServiceIntegrationTest" classname="Tests.Integration.AuthServiceIntegrationTest" file="C:\Users\julia.DPIMEDIA\AIdoc\slimmermetai-site\tests\Integration\AuthServiceIntegrationTest.php" line="115" assertions="2" time="0.001897"/>
        <testcase name="testTokenVerificationWithRealJWT" class="Tests\Integration\AuthServiceIntegrationTest" classname="Tests.Integration.AuthServiceIntegrationTest" file="C:\Users\julia.DPIMEDIA\AIdoc\slimmermetai-site\tests\Integration\AuthServiceIntegrationTest.php" line="126" assertions="3" time="0.002680"/>
        <testcase name="testTokenRefreshWithRealJWT" class="Tests\Integration\AuthServiceIntegrationTest" classname="Tests.Integration.AuthServiceIntegrationTest" file="C:\Users\julia.DPIMEDIA\AIdoc\slimmermetai-site\tests\Integration\AuthServiceIntegrationTest.php" line="146" assertions="4" time="0.002898"/>
        <testcase name="testLogoutSucceeds" class="Tests\Integration\AuthServiceIntegrationTest" classname="Tests.Integration.AuthServiceIntegrationTest" file="C:\Users\julia.DPIMEDIA\AIdoc\slimmermetai-site\tests\Integration\AuthServiceIntegrationTest.php" line="169" assertions="1" time="0.002389"/>
        <testcase name="testGetCurrentUserWithValidPayload" class="Tests\Integration\AuthServiceIntegrationTest" classname="Tests.Integration.AuthServiceIntegrationTest" file="C:\Users\julia.DPIMEDIA\AIdoc\slimmermetai-site\tests\Integration\AuthServiceIntegrationTest.php" line="176" assertions="2" time="0.002521"/>
        <testcase name="testPasswordStrengthValidation" class="Tests\Integration\AuthServiceIntegrationTest" classname="Tests.Integration.AuthServiceIntegrationTest" file="C:\Users\julia.DPIMEDIA\AIdoc\slimmermetai-site\tests\Integration\AuthServiceIntegrationTest.php" line="189" assertions="7" time="0.002485"/>
        <testcase name="testPasswordHashingAndVerification" class="Tests\Integration\AuthServiceIntegrationTest" classname="Tests.Integration.AuthServiceIntegrationTest" file="C:\Users\julia.DPIMEDIA\AIdoc\slimmermetai-site\tests\Integration\AuthServiceIntegrationTest.php" line="205" assertions="3" time="0.689701"/>
        <testcase name="testJWTTokenGenerationAndVerification" class="Tests\Integration\AuthServiceIntegrationTest" classname="Tests.Integration.AuthServiceIntegrationTest" file="C:\Users\julia.DPIMEDIA\AIdoc\slimmermetai-site\tests\Integration\AuthServiceIntegrationTest.php" line="217" assertions="5" time="0.002553"/>
        <testcase name="testCompleteUserLifecycle" class="Tests\Integration\AuthServiceIntegrationTest" classname="Tests.Integration.AuthServiceIntegrationTest" file="C:\Users\julia.DPIMEDIA\AIdoc\slimmermetai-site\tests\Integration\AuthServiceIntegrationTest.php" line="238" assertions="7" time="0.446967"/>
      </testsuite>
      <testsuite name="Tests\Integration\DatabaseMockTest" file="C:\Users\julia.DPIMEDIA\AIdoc\slimmermetai-site\tests\Integration\DatabaseMockTest.php" tests="11" assertions="30" errors="0" warnings="0" failures="0" skipped="0" time="0.061623">
        <testcase name="testMockDatabaseImplementsInterface" class="Tests\Integration\DatabaseMockTest" classname="Tests.Integration.DatabaseMockTest" file="C:\Users\julia.DPIMEDIA\AIdoc\slimmermetai-site\tests\Integration\DatabaseMockTest.php" line="25" assertions="1" time="0.001863"/>
        <testcase name="testMockDatabaseCanAddAndRetrieveData" class="Tests\Integration\DatabaseMockTest" classname="Tests.Integration.DatabaseMockTest" file="C:\Users\julia.DPIMEDIA\AIdoc\slimmermetai-site\tests\Integration\DatabaseMockTest.php" line="30" assertions="5" time="0.055347"/>
        <testcase name="testTransactionMethods" class="Tests\Integration\DatabaseMockTest" classname="Tests.Integration.DatabaseMockTest" file="C:\Users\julia.DPIMEDIA\AIdoc\slimmermetai-site\tests\Integration\DatabaseMockTest.php" line="58" assertions="3" time="0.000484"/>
        <testcase name="testQueryExecution" class="Tests\Integration\DatabaseMockTest" classname="Tests.Integration.DatabaseMockTest" file="C:\Users\julia.DPIMEDIA\AIdoc\slimmermetai-site\tests\Integration\DatabaseMockTest.php" line="65" assertions="2" time="0.000352"/>
        <testcase name="testPerformanceStatistics" class="Tests\Integration\DatabaseMockTest" classname="Tests.Integration.DatabaseMockTest" file="C:\Users\julia.DPIMEDIA\AIdoc\slimmermetai-site\tests\Integration\DatabaseMockTest.php" line="71" assertions="4" time="0.000353"/>
        <testcase name="testSlowQueries" class="Tests\Integration\DatabaseMockTest" classname="Tests.Integration.DatabaseMockTest" file="C:\Users\julia.DPIMEDIA\AIdoc\slimmermetai-site\tests\Integration\DatabaseMockTest.php" line="81" assertions="1" time="0.000306"/>
        <testcase name="testMockStatementFunctionality" class="Tests\Integration\DatabaseMockTest" classname="Tests.Integration.DatabaseMockTest" file="C:\Users\julia.DPIMEDIA\AIdoc\slimmermetai-site\tests\Integration\DatabaseMockTest.php" line="87" assertions="5" time="0.000381"/>
        <testcase name="testContainerIntegration" class="Tests\Integration\DatabaseMockTest" classname="Tests.Integration.DatabaseMockTest" file="C:\Users\julia.DPIMEDIA\AIdoc\slimmermetai-site\tests\Integration\DatabaseMockTest.php" line="98" assertions="2" time="0.000358"/>
        <testcase name="testMockDatabaseDoesNotConnectToRealDatabase" class="Tests\Integration\DatabaseMockTest" classname="Tests.Integration.DatabaseMockTest" file="C:\Users\julia.DPIMEDIA\AIdoc\slimmermetai-site\tests\Integration\DatabaseMockTest.php" line="111" assertions="2" time="0.000370"/>
        <testcase name="testMultipleDataTypes" class="Tests\Integration\DatabaseMockTest" classname="Tests.Integration.DatabaseMockTest" file="C:\Users\julia.DPIMEDIA\AIdoc\slimmermetai-site\tests\Integration\DatabaseMockTest.php" line="119" assertions="2" time="0.001225"/>
        <testcase name="testIncrementalIds" class="Tests\Integration\DatabaseMockTest" classname="Tests.Integration.DatabaseMockTest" file="C:\Users\julia.DPIMEDIA\AIdoc\slimmermetai-site\tests\Integration\DatabaseMockTest.php" line="145" assertions="3" time="0.000583"/>
      </testsuite>
    </testsuite>
  </testsuite>
</testsuites>
