<?xml version="1.0" encoding="UTF-8"?>
<testsuites>
  <testsuite name="" tests="237" assertions="794" errors="0" warnings="0" failures="4" skipped="3" time="19.674827">
    <testsuite name="Unit" tests="143" assertions="332" errors="0" warnings="0" failures="0" skipped="2" time="3.576178">
      <testsuite name="Tests\Unit\AuthRepositoryTest" file="C:\Users\julia.DPIMEDIA\AIdoc\slimmermetai-site\tests\Unit\AuthRepositoryTest.php" tests="26" assertions="36" errors="0" warnings="0" failures="0" skipped="0" time="0.045217">
        <testcase name="testFindByEmailWithExistingUser" class="Tests\Unit\AuthRepositoryTest" classname="Tests.Unit.AuthRepositoryTest" file="C:\Users\julia.DPIMEDIA\AIdoc\slimmermetai-site\tests\Unit\AuthRepositoryTest.php" line="27" assertions="3" time="0.024446"/>
        <testcase name="testFindByEmailWithNonExistentUser" class="Tests\Unit\AuthRepositoryTest" classname="Tests.Unit.AuthRepositoryTest" file="C:\Users\julia.DPIMEDIA\AIdoc\slimmermetai-site\tests\Unit\AuthRepositoryTest.php" line="52" assertions="1" time="0.000994"/>
        <testcase name="testFindUserByEmailWithEmailValueObject" class="Tests\Unit\AuthRepositoryTest" classname="Tests.Unit.AuthRepositoryTest" file="C:\Users\julia.DPIMEDIA\AIdoc\slimmermetai-site\tests\Unit\AuthRepositoryTest.php" line="66" assertions="2" time="0.000666"/>
        <testcase name="testFindByIdWithExistingUser" class="Tests\Unit\AuthRepositoryTest" classname="Tests.Unit.AuthRepositoryTest" file="C:\Users\julia.DPIMEDIA\AIdoc\slimmermetai-site\tests\Unit\AuthRepositoryTest.php" line="89" assertions="2" time="0.000724"/>
        <testcase name="testCreateUser" class="Tests\Unit\AuthRepositoryTest" classname="Tests.Unit.AuthRepositoryTest" file="C:\Users\julia.DPIMEDIA\AIdoc\slimmermetai-site\tests\Unit\AuthRepositoryTest.php" line="111" assertions="3" time="0.004930"/>
        <testcase name="testCreateUserWithTransaction" class="Tests\Unit\AuthRepositoryTest" classname="Tests.Unit.AuthRepositoryTest" file="C:\Users\julia.DPIMEDIA\AIdoc\slimmermetai-site\tests\Unit\AuthRepositoryTest.php" line="157" assertions="1" time="0.001311"/>
        <testcase name="testUpdatePassword" class="Tests\Unit\AuthRepositoryTest" classname="Tests.Unit.AuthRepositoryTest" file="C:\Users\julia.DPIMEDIA\AIdoc\slimmermetai-site\tests\Unit\AuthRepositoryTest.php" line="193" assertions="1" time="0.000897"/>
        <testcase name="testUpdateLastLogin" class="Tests\Unit\AuthRepositoryTest" classname="Tests.Unit.AuthRepositoryTest" file="C:\Users\julia.DPIMEDIA\AIdoc\slimmermetai-site\tests\Unit\AuthRepositoryTest.php" line="207" assertions="1" time="0.000503"/>
        <testcase name="testCreatePasswordResetToken" class="Tests\Unit\AuthRepositoryTest" classname="Tests.Unit.AuthRepositoryTest" file="C:\Users\julia.DPIMEDIA\AIdoc\slimmermetai-site\tests\Unit\AuthRepositoryTest.php" line="220" assertions="1" time="0.000532"/>
        <testcase name="testFindPasswordResetToken" class="Tests\Unit\AuthRepositoryTest" classname="Tests.Unit.AuthRepositoryTest" file="C:\Users\julia.DPIMEDIA\AIdoc\slimmermetai-site\tests\Unit\AuthRepositoryTest.php" line="233" assertions="2" time="0.000548"/>
        <testcase name="testValidatePasswordResetToken" class="Tests\Unit\AuthRepositoryTest" classname="Tests.Unit.AuthRepositoryTest" file="C:\Users\julia.DPIMEDIA\AIdoc\slimmermetai-site\tests\Unit\AuthRepositoryTest.php" line="255" assertions="1" time="0.000491"/>
        <testcase name="testValidateExpiredPasswordResetToken" class="Tests\Unit\AuthRepositoryTest" classname="Tests.Unit.AuthRepositoryTest" file="C:\Users\julia.DPIMEDIA\AIdoc\slimmermetai-site\tests\Unit\AuthRepositoryTest.php" line="274" assertions="1" time="0.000995"/>
        <testcase name="testDeletePasswordResetToken" class="Tests\Unit\AuthRepositoryTest" classname="Tests.Unit.AuthRepositoryTest" file="C:\Users\julia.DPIMEDIA\AIdoc\slimmermetai-site\tests\Unit\AuthRepositoryTest.php" line="288" assertions="1" time="0.000542"/>
        <testcase name="testBlacklistToken" class="Tests\Unit\AuthRepositoryTest" classname="Tests.Unit.AuthRepositoryTest" file="C:\Users\julia.DPIMEDIA\AIdoc\slimmermetai-site\tests\Unit\AuthRepositoryTest.php" line="301" assertions="1" time="0.000491"/>
        <testcase name="testIsTokenBlacklisted" class="Tests\Unit\AuthRepositoryTest" classname="Tests.Unit.AuthRepositoryTest" file="C:\Users\julia.DPIMEDIA\AIdoc\slimmermetai-site\tests\Unit\AuthRepositoryTest.php" line="314" assertions="1" time="0.000483"/>
        <testcase name="testIsTokenNotBlacklisted" class="Tests\Unit\AuthRepositoryTest" classname="Tests.Unit.AuthRepositoryTest" file="C:\Users\julia.DPIMEDIA\AIdoc\slimmermetai-site\tests\Unit\AuthRepositoryTest.php" line="327" assertions="1" time="0.000481"/>
        <testcase name="testGetUserLoginHistory" class="Tests\Unit\AuthRepositoryTest" classname="Tests.Unit.AuthRepositoryTest" file="C:\Users\julia.DPIMEDIA\AIdoc\slimmermetai-site\tests\Unit\AuthRepositoryTest.php" line="340" assertions="2" time="0.001001"/>
        <testcase name="testGetLoginHistory" class="Tests\Unit\AuthRepositoryTest" classname="Tests.Unit.AuthRepositoryTest" file="C:\Users\julia.DPIMEDIA\AIdoc\slimmermetai-site\tests\Unit\AuthRepositoryTest.php" line="372" assertions="2" time="0.000510"/>
        <testcase name="testLogLoginAttempt" class="Tests\Unit\AuthRepositoryTest" classname="Tests.Unit.AuthRepositoryTest" file="C:\Users\julia.DPIMEDIA\AIdoc\slimmermetai-site\tests\Unit\AuthRepositoryTest.php" line="397" assertions="1" time="0.000508"/>
        <testcase name="testRecordLoginAttempt" class="Tests\Unit\AuthRepositoryTest" classname="Tests.Unit.AuthRepositoryTest" file="C:\Users\julia.DPIMEDIA\AIdoc\slimmermetai-site\tests\Unit\AuthRepositoryTest.php" line="412" assertions="1" time="0.000494"/>
        <testcase name="testGetFailedLoginAttempts" class="Tests\Unit\AuthRepositoryTest" classname="Tests.Unit.AuthRepositoryTest" file="C:\Users\julia.DPIMEDIA\AIdoc\slimmermetai-site\tests\Unit\AuthRepositoryTest.php" line="427" assertions="1" time="0.000502"/>
        <testcase name="testDeactivateUser" class="Tests\Unit\AuthRepositoryTest" classname="Tests.Unit.AuthRepositoryTest" file="C:\Users\julia.DPIMEDIA\AIdoc\slimmermetai-site\tests\Unit\AuthRepositoryTest.php" line="441" assertions="1" time="0.000485"/>
        <testcase name="testActivateUser" class="Tests\Unit\AuthRepositoryTest" classname="Tests.Unit.AuthRepositoryTest" file="C:\Users\julia.DPIMEDIA\AIdoc\slimmermetai-site\tests\Unit\AuthRepositoryTest.php" line="454" assertions="1" time="0.000508"/>
        <testcase name="testDeleteExpiredTokens" class="Tests\Unit\AuthRepositoryTest" classname="Tests.Unit.AuthRepositoryTest" file="C:\Users\julia.DPIMEDIA\AIdoc\slimmermetai-site\tests\Unit\AuthRepositoryTest.php" line="467" assertions="1" time="0.000668"/>
        <testcase name="testCreateEmailVerificationToken" class="Tests\Unit\AuthRepositoryTest" classname="Tests.Unit.AuthRepositoryTest" file="C:\Users\julia.DPIMEDIA\AIdoc\slimmermetai-site\tests\Unit\AuthRepositoryTest.php" line="483" assertions="1" time="0.000612"/>
        <testcase name="testVerifyEmailToken" class="Tests\Unit\AuthRepositoryTest" classname="Tests.Unit.AuthRepositoryTest" file="C:\Users\julia.DPIMEDIA\AIdoc\slimmermetai-site\tests\Unit\AuthRepositoryTest.php" line="498" assertions="2" time="0.000896"/>
      </testsuite>
      <testsuite name="Tests\Unit\AuthServiceTest" file="C:\Users\julia.DPIMEDIA\AIdoc\slimmermetai-site\tests\Unit\AuthServiceTest.php" tests="13" assertions="28" errors="0" warnings="0" failures="0" skipped="0" time="0.016287">
        <testcase name="testSuccessfulLogin" class="Tests\Unit\AuthServiceTest" classname="Tests.Unit.AuthServiceTest" file="C:\Users\julia.DPIMEDIA\AIdoc\slimmermetai-site\tests\Unit\AuthServiceTest.php" line="41" assertions="4" time="0.007627"/>
        <testcase name="testLoginWithInvalidEmail" class="Tests\Unit\AuthServiceTest" classname="Tests.Unit.AuthServiceTest" file="C:\Users\julia.DPIMEDIA\AIdoc\slimmermetai-site\tests\Unit\AuthServiceTest.php" line="82" assertions="2" time="0.000636"/>
        <testcase name="testLoginWithWrongPassword" class="Tests\Unit\AuthServiceTest" classname="Tests.Unit.AuthServiceTest" file="C:\Users\julia.DPIMEDIA\AIdoc\slimmermetai-site\tests\Unit\AuthServiceTest.php" line="98" assertions="2" time="0.001097"/>
        <testcase name="testSuccessfulRegistration" class="Tests\Unit\AuthServiceTest" classname="Tests.Unit.AuthServiceTest" file="C:\Users\julia.DPIMEDIA\AIdoc\slimmermetai-site\tests\Unit\AuthServiceTest.php" line="123" assertions="4" time="0.001534"/>
        <testcase name="testRegistrationWithExistingEmail" class="Tests\Unit\AuthServiceTest" classname="Tests.Unit.AuthServiceTest" file="C:\Users\julia.DPIMEDIA\AIdoc\slimmermetai-site\tests\Unit\AuthServiceTest.php" line="163" assertions="2" time="0.000821"/>
        <testcase name="testRegistrationWithWeakPassword" class="Tests\Unit\AuthServiceTest" classname="Tests.Unit.AuthServiceTest" file="C:\Users\julia.DPIMEDIA\AIdoc\slimmermetai-site\tests\Unit\AuthServiceTest.php" line="187" assertions="2" time="0.000690"/>
        <testcase name="testTokenVerification" class="Tests\Unit\AuthServiceTest" classname="Tests.Unit.AuthServiceTest" file="C:\Users\julia.DPIMEDIA\AIdoc\slimmermetai-site\tests\Unit\AuthServiceTest.php" line="209" assertions="1" time="0.000610"/>
        <testcase name="testTokenVerificationWithInvalidToken" class="Tests\Unit\AuthServiceTest" classname="Tests.Unit.AuthServiceTest" file="C:\Users\julia.DPIMEDIA\AIdoc\slimmermetai-site\tests\Unit\AuthServiceTest.php" line="229" assertions="1" time="0.000567"/>
        <testcase name="testTokenRefresh" class="Tests\Unit\AuthServiceTest" classname="Tests.Unit.AuthServiceTest" file="C:\Users\julia.DPIMEDIA\AIdoc\slimmermetai-site\tests\Unit\AuthServiceTest.php" line="244" assertions="3" time="0.000648"/>
        <testcase name="testTokenRefreshWithInvalidToken" class="Tests\Unit\AuthServiceTest" classname="Tests.Unit.AuthServiceTest" file="C:\Users\julia.DPIMEDIA\AIdoc\slimmermetai-site\tests\Unit\AuthServiceTest.php" line="269" assertions="2" time="0.000553"/>
        <testcase name="testLogout" class="Tests\Unit\AuthServiceTest" classname="Tests.Unit.AuthServiceTest" file="C:\Users\julia.DPIMEDIA\AIdoc\slimmermetai-site\tests\Unit\AuthServiceTest.php" line="284" assertions="1" time="0.000528"/>
        <testcase name="testGetCurrentUser" class="Tests\Unit\AuthServiceTest" classname="Tests.Unit.AuthServiceTest" file="C:\Users\julia.DPIMEDIA\AIdoc\slimmermetai-site\tests\Unit\AuthServiceTest.php" line="291" assertions="2" time="0.000490"/>
        <testcase name="testGetCurrentUserWithMissingData" class="Tests\Unit\AuthServiceTest" classname="Tests.Unit.AuthServiceTest" file="C:\Users\julia.DPIMEDIA\AIdoc\slimmermetai-site\tests\Unit\AuthServiceTest.php" line="304" assertions="2" time="0.000484"/>
      </testsuite>
      <testsuite name="Tests\Unit\ConfigTest" file="C:\Users\julia.DPIMEDIA\AIdoc\slimmermetai-site\tests\Unit\ConfigTest.php" tests="9" assertions="21" errors="0" warnings="0" failures="0" skipped="0" time="0.009981">
        <testcase name="testConfigCanGetValues" class="Tests\Unit\ConfigTest" classname="Tests.Unit.ConfigTest" file="C:\Users\julia.DPIMEDIA\AIdoc\slimmermetai-site\tests\Unit\ConfigTest.php" line="38" assertions="2" time="0.001321"/>
        <testcase name="testConfigCanGetDefaultValues" class="Tests\Unit\ConfigTest" classname="Tests.Unit.ConfigTest" file="C:\Users\julia.DPIMEDIA\AIdoc\slimmermetai-site\tests\Unit\ConfigTest.php" line="51" assertions="1" time="0.000854"/>
        <testcase name="testConfigCanSetValues" class="Tests\Unit\ConfigTest" classname="Tests.Unit.ConfigTest" file="C:\Users\julia.DPIMEDIA\AIdoc\slimmermetai-site\tests\Unit\ConfigTest.php" line="58" assertions="1" time="0.001082"/>
        <testcase name="testConfigCanCheckIfKeyExists" class="Tests\Unit\ConfigTest" classname="Tests.Unit.ConfigTest" file="C:\Users\julia.DPIMEDIA\AIdoc\slimmermetai-site\tests\Unit\ConfigTest.php" line="67" assertions="2" time="0.000959"/>
        <testcase name="testConfigCanGetAllValues" class="Tests\Unit\ConfigTest" classname="Tests.Unit.ConfigTest" file="C:\Users\julia.DPIMEDIA\AIdoc\slimmermetai-site\tests\Unit\ConfigTest.php" line="74" assertions="2" time="0.000862"/>
        <testcase name="testConfigCanGetTypedValues" class="Tests\Unit\ConfigTest" classname="Tests.Unit.ConfigTest" file="C:\Users\julia.DPIMEDIA\AIdoc\slimmermetai-site\tests\Unit\ConfigTest.php" line="87" assertions="6" time="0.000907"/>
        <testcase name="testEnvironmentValues" class="Tests\Unit\ConfigTest" classname="Tests.Unit.ConfigTest" file="C:\Users\julia.DPIMEDIA\AIdoc\slimmermetai-site\tests\Unit\ConfigTest.php" line="108" assertions="1" time="0.000856"/>
        <testcase name="testSecurityDefaults" class="Tests\Unit\ConfigTest" classname="Tests.Unit.ConfigTest" file="C:\Users\julia.DPIMEDIA\AIdoc\slimmermetai-site\tests\Unit\ConfigTest.php" line="115" assertions="5" time="0.002298"/>
        <testcase name="testConfigWithMissingMethod" class="Tests\Unit\ConfigTest" classname="Tests.Unit.ConfigTest" file="C:\Users\julia.DPIMEDIA\AIdoc\slimmermetai-site\tests\Unit\ConfigTest.php" line="132" assertions="1" time="0.000841"/>
      </testsuite>
      <testsuite name="Tests\Unit\Domain\EmailValueObjectTest" file="C:\Users\julia.DPIMEDIA\AIdoc\slimmermetai-site\tests\Unit\Domain\EmailValueObjectTest.php" tests="20" assertions="52" errors="0" warnings="0" failures="0" skipped="1" time="0.010443">
        <testcase name="testValidEmailCreation" class="Tests\Unit\Domain\EmailValueObjectTest" classname="Tests.Unit.Domain.EmailValueObjectTest" file="C:\Users\julia.DPIMEDIA\AIdoc\slimmermetai-site\tests\Unit\Domain\EmailValueObjectTest.php" line="11" assertions="20" time="0.000442"/>
        <testcase name="testInvalidEmailThrowsException" class="Tests\Unit\Domain\EmailValueObjectTest" classname="Tests.Unit.Domain.EmailValueObjectTest" file="C:\Users\julia.DPIMEDIA\AIdoc\slimmermetai-site\tests\Unit\Domain\EmailValueObjectTest.php" line="33" assertions="2" time="0.001866"/>
        <testcase name="testEmailEquality" class="Tests\Unit\Domain\EmailValueObjectTest" classname="Tests.Unit.Domain.EmailValueObjectTest" file="C:\Users\julia.DPIMEDIA\AIdoc\slimmermetai-site\tests\Unit\Domain\EmailValueObjectTest.php" line="59" assertions="4" time="0.001154"/>
        <testcase name="testEmailCaseInsensitivity" class="Tests\Unit\Domain\EmailValueObjectTest" classname="Tests.Unit.Domain.EmailValueObjectTest" file="C:\Users\julia.DPIMEDIA\AIdoc\slimmermetai-site\tests\Unit\Domain\EmailValueObjectTest.php" line="71" assertions="3" time="0.000367"/>
        <testcase name="testEmailToString" class="Tests\Unit\Domain\EmailValueObjectTest" classname="Tests.Unit.Domain.EmailValueObjectTest" file="C:\Users\julia.DPIMEDIA\AIdoc\slimmermetai-site\tests\Unit\Domain\EmailValueObjectTest.php" line="82" assertions="2" time="0.000298"/>
        <testcase name="testEmailGetValue" class="Tests\Unit\Domain\EmailValueObjectTest" classname="Tests.Unit.Domain.EmailValueObjectTest" file="C:\Users\julia.DPIMEDIA\AIdoc\slimmermetai-site\tests\Unit\Domain\EmailValueObjectTest.php" line="92" assertions="1" time="0.000287"/>
        <testcase name="testEmailSerialization" class="Tests\Unit\Domain\EmailValueObjectTest" classname="Tests.Unit.Domain.EmailValueObjectTest" file="C:\Users\julia.DPIMEDIA\AIdoc\slimmermetai-site\tests\Unit\Domain\EmailValueObjectTest.php" line="101" assertions="2" time="0.000719"/>
        <testcase name="testEmailJsonSerialization" class="Tests\Unit\Domain\EmailValueObjectTest" classname="Tests.Unit.Domain.EmailValueObjectTest" file="C:\Users\julia.DPIMEDIA\AIdoc\slimmermetai-site\tests\Unit\Domain\EmailValueObjectTest.php" line="113" assertions="1" time="0.000310"/>
        <testcase name="testEmailHashing" class="Tests\Unit\Domain\EmailValueObjectTest" classname="Tests.Unit.Domain.EmailValueObjectTest" file="C:\Users\julia.DPIMEDIA\AIdoc\slimmermetai-site\tests\Unit\Domain\EmailValueObjectTest.php" line="125" assertions="3" time="0.000428"/>
        <testcase name="testEmailWithInternationalCharacters" class="Tests\Unit\Domain\EmailValueObjectTest" classname="Tests.Unit.Domain.EmailValueObjectTest" file="C:\Users\julia.DPIMEDIA\AIdoc\slimmermetai-site\tests\Unit\Domain\EmailValueObjectTest.php" line="141" assertions="0" time="0.000842">
          <skipped/>
        </testcase>
        <testcase name="testEmailDomainExtraction" class="Tests\Unit\Domain\EmailValueObjectTest" classname="Tests.Unit.Domain.EmailValueObjectTest" file="C:\Users\julia.DPIMEDIA\AIdoc\slimmermetai-site\tests\Unit\Domain\EmailValueObjectTest.php" line="147" assertions="1" time="0.000301"/>
        <testcase name="testEmailLocalPartExtraction" class="Tests\Unit\Domain\EmailValueObjectTest" classname="Tests.Unit.Domain.EmailValueObjectTest" file="C:\Users\julia.DPIMEDIA\AIdoc\slimmermetai-site\tests\Unit\Domain\EmailValueObjectTest.php" line="162" assertions="1" time="0.000306"/>
        <testcase name="testEmailImmutability" class="Tests\Unit\Domain\EmailValueObjectTest" classname="Tests.Unit.Domain.EmailValueObjectTest" file="C:\Users\julia.DPIMEDIA\AIdoc\slimmermetai-site\tests\Unit\Domain\EmailValueObjectTest.php" line="177" assertions="3" time="0.000306"/>
        <testcase name="testEmailWithPlusAddressing" class="Tests\Unit\Domain\EmailValueObjectTest" classname="Tests.Unit.Domain.EmailValueObjectTest" file="C:\Users\julia.DPIMEDIA\AIdoc\slimmermetai-site\tests\Unit\Domain\EmailValueObjectTest.php" line="190" assertions="1" time="0.000401"/>
        <testcase name="testEmailWithDots" class="Tests\Unit\Domain\EmailValueObjectTest" classname="Tests.Unit.Domain.EmailValueObjectTest" file="C:\Users\julia.DPIMEDIA\AIdoc\slimmermetai-site\tests\Unit\Domain\EmailValueObjectTest.php" line="196" assertions="1" time="0.000380"/>
        <testcase name="testEmailWithNumbers" class="Tests\Unit\Domain\EmailValueObjectTest" classname="Tests.Unit.Domain.EmailValueObjectTest" file="C:\Users\julia.DPIMEDIA\AIdoc\slimmermetai-site\tests\Unit\Domain\EmailValueObjectTest.php" line="202" assertions="1" time="0.000317"/>
        <testcase name="testEmailWithHyphens" class="Tests\Unit\Domain\EmailValueObjectTest" classname="Tests.Unit.Domain.EmailValueObjectTest" file="C:\Users\julia.DPIMEDIA\AIdoc\slimmermetai-site\tests\Unit\Domain\EmailValueObjectTest.php" line="208" assertions="1" time="0.000289"/>
        <testcase name="testEmailWithUnderscores" class="Tests\Unit\Domain\EmailValueObjectTest" classname="Tests.Unit.Domain.EmailValueObjectTest" file="C:\Users\julia.DPIMEDIA\AIdoc\slimmermetai-site\tests\Unit\Domain\EmailValueObjectTest.php" line="214" assertions="1" time="0.000285"/>
        <testcase name="testEmailMaxLength" class="Tests\Unit\Domain\EmailValueObjectTest" classname="Tests.Unit.Domain.EmailValueObjectTest" file="C:\Users\julia.DPIMEDIA\AIdoc\slimmermetai-site\tests\Unit\Domain\EmailValueObjectTest.php" line="220" assertions="1" time="0.000316"/>
        <testcase name="testEmailCloning" class="Tests\Unit\Domain\EmailValueObjectTest" classname="Tests.Unit.Domain.EmailValueObjectTest" file="C:\Users\julia.DPIMEDIA\AIdoc\slimmermetai-site\tests\Unit\Domain\EmailValueObjectTest.php" line="236" assertions="3" time="0.000828"/>
      </testsuite>
      <testsuite name="Tests\Unit\Domain\UserEntityTest" file="C:\Users\julia.DPIMEDIA\AIdoc\slimmermetai-site\tests\Unit\Domain\UserEntityTest.php" tests="14" assertions="40" errors="0" warnings="0" failures="0" skipped="0" time="0.107405">
        <testcase name="testUserCreationWithAllParameters" class="Tests\Unit\Domain\UserEntityTest" classname="Tests.Unit.Domain.UserEntityTest" file="C:\Users\julia.DPIMEDIA\AIdoc\slimmermetai-site\tests\Unit\Domain\UserEntityTest.php" line="11" assertions="6" time="0.000494"/>
        <testcase name="testUserCreationWithDefaults" class="Tests\Unit\Domain\UserEntityTest" classname="Tests.Unit.Domain.UserEntityTest" file="C:\Users\julia.DPIMEDIA\AIdoc\slimmermetai-site\tests\Unit\Domain\UserEntityTest.php" line="30" assertions="6" time="0.000355"/>
        <testcase name="testEmailToString" class="Tests\Unit\Domain\UserEntityTest" classname="Tests.Unit.Domain.UserEntityTest" file="C:\Users\julia.DPIMEDIA\AIdoc\slimmermetai-site\tests\Unit\Domain\UserEntityTest.php" line="45" assertions="1" time="0.000290"/>
        <testcase name="testUserRoles" class="Tests\Unit\Domain\UserEntityTest" classname="Tests.Unit.Domain.UserEntityTest" file="C:\Users\julia.DPIMEDIA\AIdoc\slimmermetai-site\tests\Unit\Domain\UserEntityTest.php" line="54" assertions="3" time="0.000304"/>
        <testcase name="testUserNameHandling" class="Tests\Unit\Domain\UserEntityTest" classname="Tests.Unit.Domain.UserEntityTest" file="C:\Users\julia.DPIMEDIA\AIdoc\slimmermetai-site\tests\Unit\Domain\UserEntityTest.php" line="67" assertions="2" time="0.000295"/>
        <testcase name="testUserIdHandling" class="Tests\Unit\Domain\UserEntityTest" classname="Tests.Unit.Domain.UserEntityTest" file="C:\Users\julia.DPIMEDIA\AIdoc\slimmermetai-site\tests\Unit\Domain\UserEntityTest.php" line="78" assertions="2" time="0.000297"/>
        <testcase name="testCreatedAtDefaultsToNow" class="Tests\Unit\Domain\UserEntityTest" classname="Tests.Unit.Domain.UserEntityTest" file="C:\Users\julia.DPIMEDIA\AIdoc\slimmermetai-site\tests\Unit\Domain\UserEntityTest.php" line="89" assertions="4" time="0.000694"/>
        <testcase name="testUserEquality" class="Tests\Unit\Domain\UserEntityTest" classname="Tests.Unit.Domain.UserEntityTest" file="C:\Users\julia.DPIMEDIA\AIdoc\slimmermetai-site\tests\Unit\Domain\UserEntityTest.php" line="102" assertions="3" time="0.000419"/>
        <testcase name="testPasswordHashStorage" class="Tests\Unit\Domain\UserEntityTest" classname="Tests.Unit.Domain.UserEntityTest" file="C:\Users\julia.DPIMEDIA\AIdoc\slimmermetai-site\tests\Unit\Domain\UserEntityTest.php" line="118" assertions="3" time="0.102451"/>
        <testcase name="testUserSerialization" class="Tests\Unit\Domain\UserEntityTest" classname="Tests.Unit.Domain.UserEntityTest" file="C:\Users\julia.DPIMEDIA\AIdoc\slimmermetai-site\tests\Unit\Domain\UserEntityTest.php" line="131" assertions="4" time="0.000568"/>
        <testcase name="testUserWithSpecialCharactersInName" class="Tests\Unit\Domain\UserEntityTest" classname="Tests.Unit.Domain.UserEntityTest" file="C:\Users\julia.DPIMEDIA\AIdoc\slimmermetai-site\tests\Unit\Domain\UserEntityTest.php" line="145" assertions="1" time="0.000313"/>
        <testcase name="testUserWithEmptyStringName" class="Tests\Unit\Domain\UserEntityTest" classname="Tests.Unit.Domain.UserEntityTest" file="C:\Users\julia.DPIMEDIA\AIdoc\slimmermetai-site\tests\Unit\Domain\UserEntityTest.php" line="155" assertions="1" time="0.000299"/>
        <testcase name="testUserWithNumericStringId" class="Tests\Unit\Domain\UserEntityTest" classname="Tests.Unit.Domain.UserEntityTest" file="C:\Users\julia.DPIMEDIA\AIdoc\slimmermetai-site\tests\Unit\Domain\UserEntityTest.php" line="163" assertions="2" time="0.000311"/>
        <testcase name="testUserCreatedAtImmutability" class="Tests\Unit\Domain\UserEntityTest" classname="Tests.Unit.Domain.UserEntityTest" file="C:\Users\julia.DPIMEDIA\AIdoc\slimmermetai-site\tests\Unit\Domain\UserEntityTest.php" line="174" assertions="2" time="0.000316"/>
      </testsuite>
      <testsuite name="Tests\Unit\Infrastructure\DatabaseTest" file="C:\Users\julia.DPIMEDIA\AIdoc\slimmermetai-site\tests\Unit\Infrastructure\DatabaseTest.php" tests="18" assertions="50" errors="0" warnings="0" failures="0" skipped="0" time="0.022455">
        <testcase name="testDatabaseConnection" class="Tests\Unit\Infrastructure\DatabaseTest" classname="Tests.Unit.Infrastructure.DatabaseTest" file="C:\Users\julia.DPIMEDIA\AIdoc\slimmermetai-site\tests\Unit\Infrastructure\DatabaseTest.php" line="36" assertions="2" time="0.006985"/>
        <testcase name="testDatabaseQuery" class="Tests\Unit\Infrastructure\DatabaseTest" classname="Tests.Unit.Infrastructure.DatabaseTest" file="C:\Users\julia.DPIMEDIA\AIdoc\slimmermetai-site\tests\Unit\Infrastructure\DatabaseTest.php" line="44" assertions="4" time="0.007122"/>
        <testcase name="testDatabaseQueryFirst" class="Tests\Unit\Infrastructure\DatabaseTest" classname="Tests.Unit.Infrastructure.DatabaseTest" file="C:\Users\julia.DPIMEDIA\AIdoc\slimmermetai-site\tests\Unit\Infrastructure\DatabaseTest.php" line="62" assertions="3" time="0.000605"/>
        <testcase name="testDatabaseQueryFirstReturnsNullForNoResults" class="Tests\Unit\Infrastructure\DatabaseTest" classname="Tests.Unit.Infrastructure.DatabaseTest" file="C:\Users\julia.DPIMEDIA\AIdoc\slimmermetai-site\tests\Unit\Infrastructure\DatabaseTest.php" line="75" assertions="1" time="0.000443"/>
        <testcase name="testDatabaseExecute" class="Tests\Unit\Infrastructure\DatabaseTest" classname="Tests.Unit.Infrastructure.DatabaseTest" file="C:\Users\julia.DPIMEDIA\AIdoc\slimmermetai-site\tests\Unit\Infrastructure\DatabaseTest.php" line="84" assertions="2" time="0.000492"/>
        <testcase name="testDatabaseInsert" class="Tests\Unit\Infrastructure\DatabaseTest" classname="Tests.Unit.Infrastructure.DatabaseTest" file="C:\Users\julia.DPIMEDIA\AIdoc\slimmermetai-site\tests\Unit\Infrastructure\DatabaseTest.php" line="100" assertions="3" time="0.000484"/>
        <testcase name="testDatabaseTransactionCommit" class="Tests\Unit\Infrastructure\DatabaseTest" classname="Tests.Unit.Infrastructure.DatabaseTest" file="C:\Users\julia.DPIMEDIA\AIdoc\slimmermetai-site\tests\Unit\Infrastructure\DatabaseTest.php" line="117" assertions="2" time="0.000478"/>
        <testcase name="testDatabaseTransactionRollback" class="Tests\Unit\Infrastructure\DatabaseTest" classname="Tests.Unit.Infrastructure.DatabaseTest" file="C:\Users\julia.DPIMEDIA\AIdoc\slimmermetai-site\tests\Unit\Infrastructure\DatabaseTest.php" line="136" assertions="3" time="0.000489"/>
        <testcase name="testDatabaseInTransaction" class="Tests\Unit\Infrastructure\DatabaseTest" classname="Tests.Unit.Infrastructure.DatabaseTest" file="C:\Users\julia.DPIMEDIA\AIdoc\slimmermetai-site\tests\Unit\Infrastructure\DatabaseTest.php" line="158" assertions="3" time="0.000396"/>
        <testcase name="testDatabaseLastInsertId" class="Tests\Unit\Infrastructure\DatabaseTest" classname="Tests.Unit.Infrastructure.DatabaseTest" file="C:\Users\julia.DPIMEDIA\AIdoc\slimmermetai-site\tests\Unit\Infrastructure\DatabaseTest.php" line="169" assertions="2" time="0.000446"/>
        <testcase name="testDatabasePrepareAndExecute" class="Tests\Unit\Infrastructure\DatabaseTest" classname="Tests.Unit.Infrastructure.DatabaseTest" file="C:\Users\julia.DPIMEDIA\AIdoc\slimmermetai-site\tests\Unit\Infrastructure\DatabaseTest.php" line="181" assertions="3" time="0.000503"/>
        <testcase name="testDatabaseQueryWithNamedParameters" class="Tests\Unit\Infrastructure\DatabaseTest" classname="Tests.Unit.Infrastructure.DatabaseTest" file="C:\Users\julia.DPIMEDIA\AIdoc\slimmermetai-site\tests\Unit\Infrastructure\DatabaseTest.php" line="197" assertions="2" time="0.000625"/>
        <testcase name="testDatabaseErrorHandling" class="Tests\Unit\Infrastructure\DatabaseTest" classname="Tests.Unit.Infrastructure.DatabaseTest" file="C:\Users\julia.DPIMEDIA\AIdoc\slimmermetai-site\tests\Unit\Infrastructure\DatabaseTest.php" line="212" assertions="1" time="0.000541"/>
        <testcase name="testDatabaseMultipleQueries" class="Tests\Unit\Infrastructure\DatabaseTest" classname="Tests.Unit.Infrastructure.DatabaseTest" file="C:\Users\julia.DPIMEDIA\AIdoc\slimmermetai-site\tests\Unit\Infrastructure\DatabaseTest.php" line="220" assertions="11" time="0.000669"/>
        <testcase name="testDatabaseConnectionReuse" class="Tests\Unit\Infrastructure\DatabaseTest" classname="Tests.Unit.Infrastructure.DatabaseTest" file="C:\Users\julia.DPIMEDIA\AIdoc\slimmermetai-site\tests\Unit\Infrastructure\DatabaseTest.php" line="241" assertions="1" time="0.000351"/>
        <testcase name="testDatabaseConfigurationTypes" class="Tests\Unit\Infrastructure\DatabaseTest" classname="Tests.Unit.Infrastructure.DatabaseTest" file="C:\Users\julia.DPIMEDIA\AIdoc\slimmermetai-site\tests\Unit\Infrastructure\DatabaseTest.php" line="250" assertions="4" time="0.000481"/>
        <testcase name="testDatabaseBatchOperations" class="Tests\Unit\Infrastructure\DatabaseTest" classname="Tests.Unit.Infrastructure.DatabaseTest" file="C:\Users\julia.DPIMEDIA\AIdoc\slimmermetai-site\tests\Unit\Infrastructure\DatabaseTest.php" line="271" assertions="1" time="0.000993"/>
        <testcase name="testDatabaseConnectionAttributes" class="Tests\Unit\Infrastructure\DatabaseTest" classname="Tests.Unit.Infrastructure.DatabaseTest" file="C:\Users\julia.DPIMEDIA\AIdoc\slimmermetai-site\tests\Unit\Infrastructure\DatabaseTest.php" line="293" assertions="2" time="0.000353"/>
      </testsuite>
      <testsuite name="Tests\Unit\Middleware\AuthMiddlewareIntegrationTest" file="C:\Users\julia.DPIMEDIA\AIdoc\slimmermetai-site\tests\Unit\Middleware\AuthMiddlewareIntegrationTest.php" tests="10" assertions="31" errors="0" warnings="0" failures="0" skipped="0" time="0.025969">
        <testcase name="testValidTokenPassesThrough" class="Tests\Unit\Middleware\AuthMiddlewareIntegrationTest" classname="Tests.Unit.Middleware.AuthMiddlewareIntegrationTest" file="C:\Users\julia.DPIMEDIA\AIdoc\slimmermetai-site\tests\Unit\Middleware\AuthMiddlewareIntegrationTest.php" line="76" assertions="2" time="0.014984"/>
        <testcase name="testMissingAuthorizationHeaderReturnsUnauthorized" class="Tests\Unit\Middleware\AuthMiddlewareIntegrationTest" classname="Tests.Unit.Middleware.AuthMiddlewareIntegrationTest" file="C:\Users\julia.DPIMEDIA\AIdoc\slimmermetai-site\tests\Unit\Middleware\AuthMiddlewareIntegrationTest.php" line="100" assertions="5" time="0.001671"/>
        <testcase name="testInvalidAuthorizationFormatReturnsUnauthorized" class="Tests\Unit\Middleware\AuthMiddlewareIntegrationTest" classname="Tests.Unit.Middleware.AuthMiddlewareIntegrationTest" file="C:\Users\julia.DPIMEDIA\AIdoc\slimmermetai-site\tests\Unit\Middleware\AuthMiddlewareIntegrationTest.php" line="118" assertions="2" time="0.000925"/>
        <testcase name="testInvalidTokenReturnsUnauthorized" class="Tests\Unit\Middleware\AuthMiddlewareIntegrationTest" classname="Tests.Unit.Middleware.AuthMiddlewareIntegrationTest" file="C:\Users\julia.DPIMEDIA\AIdoc\slimmermetai-site\tests\Unit\Middleware\AuthMiddlewareIntegrationTest.php" line="131" assertions="2" time="0.000897"/>
        <testcase name="testExpiredTokenReturnsUnauthorized" class="Tests\Unit\Middleware\AuthMiddlewareIntegrationTest" classname="Tests.Unit.Middleware.AuthMiddlewareIntegrationTest" file="C:\Users\julia.DPIMEDIA\AIdoc\slimmermetai-site\tests\Unit\Middleware\AuthMiddlewareIntegrationTest.php" line="145" assertions="2" time="0.001018"/>
        <testcase name="testBlacklistedTokenReturnsUnauthorized" class="Tests\Unit\Middleware\AuthMiddlewareIntegrationTest" classname="Tests.Unit.Middleware.AuthMiddlewareIntegrationTest" file="C:\Users\julia.DPIMEDIA\AIdoc\slimmermetai-site\tests\Unit\Middleware\AuthMiddlewareIntegrationTest.php" line="166" assertions="2" time="0.001380"/>
        <testcase name="testDifferentAuthorizationSchemes" class="Tests\Unit\Middleware\AuthMiddlewareIntegrationTest" classname="Tests.Unit.Middleware.AuthMiddlewareIntegrationTest" file="C:\Users\julia.DPIMEDIA\AIdoc\slimmermetai-site\tests\Unit\Middleware\AuthMiddlewareIntegrationTest.php" line="191" assertions="8" time="0.001295"/>
        <testcase name="testCaseInsensitiveBearerScheme" class="Tests\Unit\Middleware\AuthMiddlewareIntegrationTest" classname="Tests.Unit.Middleware.AuthMiddlewareIntegrationTest" file="C:\Users\julia.DPIMEDIA\AIdoc\slimmermetai-site\tests\Unit\Middleware\AuthMiddlewareIntegrationTest.php" line="213" assertions="4" time="0.001535"/>
        <testcase name="testTokenWithoutExpiration" class="Tests\Unit\Middleware\AuthMiddlewareIntegrationTest" classname="Tests.Unit.Middleware.AuthMiddlewareIntegrationTest" file="C:\Users\julia.DPIMEDIA\AIdoc\slimmermetai-site\tests\Unit\Middleware\AuthMiddlewareIntegrationTest.php" line="245" assertions="2" time="0.001003"/>
        <testcase name="testResponseHeaders" class="Tests\Unit\Middleware\AuthMiddlewareIntegrationTest" classname="Tests.Unit.Middleware.AuthMiddlewareIntegrationTest" file="C:\Users\julia.DPIMEDIA\AIdoc\slimmermetai-site\tests\Unit\Middleware\AuthMiddlewareIntegrationTest.php" line="269" assertions="2" time="0.001261"/>
      </testsuite>
      <testsuite name="Tests\Unit\Middleware\AuthMiddlewareTest" file="C:\Users\julia.DPIMEDIA\AIdoc\slimmermetai-site\tests\Unit\Middleware\AuthMiddlewareTest.php" tests="1" assertions="0" errors="0" warnings="0" failures="0" skipped="1" time="0.000323">
        <testcase name="testDisabledBecauseJwtServiceIsFinal" class="Tests\Unit\Middleware\AuthMiddlewareTest" classname="Tests.Unit.Middleware.AuthMiddlewareTest" file="C:\Users\julia.DPIMEDIA\AIdoc\slimmermetai-site\tests\Unit\Middleware\AuthMiddlewareTest.php" line="11" assertions="0" time="0.000323">
          <skipped/>
        </testcase>
      </testsuite>
      <testsuite name="Tests\Unit\PasswordHasherTest" file="C:\Users\julia.DPIMEDIA\AIdoc\slimmermetai-site\tests\Unit\PasswordHasherTest.php" tests="8" assertions="22" errors="0" warnings="0" failures="0" skipped="0" time="3.287142">
        <testcase name="testImplementsInterface" class="Tests\Unit\PasswordHasherTest" classname="Tests.Unit.PasswordHasherTest" file="C:\Users\julia.DPIMEDIA\AIdoc\slimmermetai-site\tests\Unit\PasswordHasherTest.php" line="25" assertions="1" time="0.000594"/>
        <testcase name="testCanHashPassword" class="Tests\Unit\PasswordHasherTest" classname="Tests.Unit.PasswordHasherTest" file="C:\Users\julia.DPIMEDIA\AIdoc\slimmermetai-site\tests\Unit\PasswordHasherTest.php" line="30" assertions="3" time="0.408489"/>
        <testcase name="testCanVerifyPassword" class="Tests\Unit\PasswordHasherTest" classname="Tests.Unit.PasswordHasherTest" file="C:\Users\julia.DPIMEDIA\AIdoc\slimmermetai-site\tests\Unit\PasswordHasherTest.php" line="40" assertions="2" time="0.643004"/>
        <testcase name="testNeedsRehash" class="Tests\Unit\PasswordHasherTest" classname="Tests.Unit.PasswordHasherTest" file="C:\Users\julia.DPIMEDIA\AIdoc\slimmermetai-site\tests\Unit\PasswordHasherTest.php" line="49" assertions="2" time="0.203136"/>
        <testcase name="testPasswordStrengthValidation" class="Tests\Unit\PasswordHasherTest" classname="Tests.Unit.PasswordHasherTest" file="C:\Users\julia.DPIMEDIA\AIdoc\slimmermetai-site\tests\Unit\PasswordHasherTest.php" line="63" assertions="6" time="0.000487"/>
        <testcase name="testCustomMinimumLength" class="Tests\Unit\PasswordHasherTest" classname="Tests.Unit.PasswordHasherTest" file="C:\Users\julia.DPIMEDIA\AIdoc\slimmermetai-site\tests\Unit\PasswordHasherTest.php" line="76" assertions="2" time="0.000318"/>
        <testcase name="testDifferentCostFactors" class="Tests\Unit\PasswordHasherTest" classname="Tests.Unit.PasswordHasherTest" file="C:\Users\julia.DPIMEDIA\AIdoc\slimmermetai-site\tests\Unit\PasswordHasherTest.php" line="82" assertions="3" time="1.629162"/>
        <testcase name="testEmptyPasswordHandling" class="Tests\Unit\PasswordHasherTest" classname="Tests.Unit.PasswordHasherTest" file="C:\Users\julia.DPIMEDIA\AIdoc\slimmermetai-site\tests\Unit\PasswordHasherTest.php" line="99" assertions="3" time="0.401954"/>
      </testsuite>
      <testsuite name="Tests\Unit\StripeControllerTest" file="C:\Users\julia.DPIMEDIA\AIdoc\slimmermetai-site\tests\Unit\StripeControllerTest.php" tests="11" assertions="26" errors="0" warnings="0" failures="0" skipped="0" time="0.026234">
        <testcase name="testCreateSessionSuccess" class="Tests\Unit\StripeControllerTest" classname="Tests.Unit.StripeControllerTest" file="C:\Users\julia.DPIMEDIA\AIdoc\slimmermetai-site\tests\Unit\StripeControllerTest.php" line="30" assertions="3" time="0.003382"/>
        <testcase name="testCreateSessionException" class="Tests\Unit\StripeControllerTest" classname="Tests.Unit.StripeControllerTest" file="C:\Users\julia.DPIMEDIA\AIdoc\slimmermetai-site\tests\Unit\StripeControllerTest.php" line="52" assertions="3" time="0.017424"/>
        <testcase name="testStatusSuccess" class="Tests\Unit\StripeControllerTest" classname="Tests.Unit.StripeControllerTest" file="C:\Users\julia.DPIMEDIA\AIdoc\slimmermetai-site\tests\Unit\StripeControllerTest.php" line="66" assertions="3" time="0.000722"/>
        <testcase name="testStatusException" class="Tests\Unit\StripeControllerTest" classname="Tests.Unit.StripeControllerTest" file="C:\Users\julia.DPIMEDIA\AIdoc\slimmermetai-site\tests\Unit\StripeControllerTest.php" line="83" assertions="3" time="0.000907"/>
        <testcase name="testWebhookSuccess" class="Tests\Unit\StripeControllerTest" classname="Tests.Unit.StripeControllerTest" file="C:\Users\julia.DPIMEDIA\AIdoc\slimmermetai-site\tests\Unit\StripeControllerTest.php" line="99" assertions="3" time="0.000604"/>
        <testcase name="testWebhookException" class="Tests\Unit\StripeControllerTest" classname="Tests.Unit.StripeControllerTest" file="C:\Users\julia.DPIMEDIA\AIdoc\slimmermetai-site\tests\Unit\StripeControllerTest.php" line="115" assertions="3" time="0.000547"/>
        <testcase name="testConfigWithValidKey" class="Tests\Unit\StripeControllerTest" classname="Tests.Unit.StripeControllerTest" file="C:\Users\julia.DPIMEDIA\AIdoc\slimmermetai-site\tests\Unit\StripeControllerTest.php" line="128" assertions="1" time="0.000481"/>
        <testsuite name="Tests\Unit\StripeControllerTest::testCreateSessionWithDifferentData" tests="3" assertions="6" errors="0" warnings="0" failures="0" skipped="0" time="0.001768">
          <testcase name="testCreateSessionWithDifferentData with data set &quot;empty_data&quot;" class="Tests\Unit\StripeControllerTest" classname="Tests.Unit.StripeControllerTest" file="C:\Users\julia.DPIMEDIA\AIdoc\slimmermetai-site\tests\Unit\StripeControllerTest.php" line="161" assertions="2" time="0.000563"/>
          <testcase name="testCreateSessionWithDifferentData with data set &quot;with_line_items&quot;" class="Tests\Unit\StripeControllerTest" classname="Tests.Unit.StripeControllerTest" file="C:\Users\julia.DPIMEDIA\AIdoc\slimmermetai-site\tests\Unit\StripeControllerTest.php" line="161" assertions="2" time="0.000678"/>
          <testcase name="testCreateSessionWithDifferentData with data set &quot;with_metadata&quot;" class="Tests\Unit\StripeControllerTest" classname="Tests.Unit.StripeControllerTest" file="C:\Users\julia.DPIMEDIA\AIdoc\slimmermetai-site\tests\Unit\StripeControllerTest.php" line="161" assertions="2" time="0.000526"/>
        </testsuite>
        <testcase name="testControllerConstructorWithDependency" class="Tests\Unit\StripeControllerTest" classname="Tests.Unit.StripeControllerTest" file="C:\Users\julia.DPIMEDIA\AIdoc\slimmermetai-site\tests\Unit\StripeControllerTest.php" line="173" assertions="1" time="0.000400"/>
      </testsuite>
      <testsuite name="Tests\Unit\StripeServiceTest" file="C:\Users\julia.DPIMEDIA\AIdoc\slimmermetai-site\tests\Unit\StripeServiceTest.php" tests="13" assertions="26" errors="0" warnings="0" failures="0" skipped="0" time="0.024722">
        <testcase name="testServiceHasRequiredMethods" class="Tests\Unit\StripeServiceTest" classname="Tests.Unit.StripeServiceTest" file="C:\Users\julia.DPIMEDIA\AIdoc\slimmermetai-site\tests\Unit\StripeServiceTest.php" line="44" assertions="4" time="0.003013"/>
        <testcase name="testCreateCheckoutSessionInMockMode" class="Tests\Unit\StripeServiceTest" classname="Tests.Unit.StripeServiceTest" file="C:\Users\julia.DPIMEDIA\AIdoc\slimmermetai-site\tests\Unit\StripeServiceTest.php" line="53" assertions="4" time="0.001627"/>
        <testcase name="testCreateCheckoutSessionWithOptions" class="Tests\Unit\StripeServiceTest" classname="Tests.Unit.StripeServiceTest" file="C:\Users\julia.DPIMEDIA\AIdoc\slimmermetai-site\tests\Unit\StripeServiceTest.php" line="82" assertions="3" time="0.000684"/>
        <testcase name="testCreateCheckoutSessionWithEmptyLineItems" class="Tests\Unit\StripeServiceTest" classname="Tests.Unit.StripeServiceTest" file="C:\Users\julia.DPIMEDIA\AIdoc\slimmermetai-site\tests\Unit\StripeServiceTest.php" line="115" assertions="2" time="0.000680"/>
        <testcase name="testCreatePaymentIntentInMockMode" class="Tests\Unit\StripeServiceTest" classname="Tests.Unit.StripeServiceTest" file="C:\Users\julia.DPIMEDIA\AIdoc\slimmermetai-site\tests\Unit\StripeServiceTest.php" line="130" assertions="1" time="0.008682"/>
        <testcase name="testGetPaymentStatusWithMockSession" class="Tests\Unit\StripeServiceTest" classname="Tests.Unit.StripeServiceTest" file="C:\Users\julia.DPIMEDIA\AIdoc\slimmermetai-site\tests\Unit\StripeServiceTest.php" line="155" assertions="1" time="0.003196"/>
        <testcase name="testHandleWebhookWithoutSecret" class="Tests\Unit\StripeServiceTest" classname="Tests.Unit.StripeServiceTest" file="C:\Users\julia.DPIMEDIA\AIdoc\slimmermetai-site\tests\Unit\StripeServiceTest.php" line="166" assertions="2" time="0.000679"/>
        <testcase name="testConstructorWithValidConfig" class="Tests\Unit\StripeServiceTest" classname="Tests.Unit.StripeServiceTest" file="C:\Users\julia.DPIMEDIA\AIdoc\slimmermetai-site\tests\Unit\StripeServiceTest.php" line="185" assertions="1" time="0.000631"/>
        <testcase name="testConstructorWithInvalidStripeKey" class="Tests\Unit\StripeServiceTest" classname="Tests.Unit.StripeServiceTest" file="C:\Users\julia.DPIMEDIA\AIdoc\slimmermetai-site\tests\Unit\StripeServiceTest.php" line="205" assertions="2" time="0.000754"/>
        <testcase name="testStaticGetInstanceMethod" class="Tests\Unit\StripeServiceTest" classname="Tests.Unit.StripeServiceTest" file="C:\Users\julia.DPIMEDIA\AIdoc\slimmermetai-site\tests\Unit\StripeServiceTest.php" line="230" assertions="1" time="0.002783"/>
        <testcase name="testDevelopmentModeDetection" class="Tests\Unit\StripeServiceTest" classname="Tests.Unit.StripeServiceTest" file="C:\Users\julia.DPIMEDIA\AIdoc\slimmermetai-site\tests\Unit\StripeServiceTest.php" line="243" assertions="2" time="0.000638"/>
        <testcase name="testProductionModeWithInvalidKey" class="Tests\Unit\StripeServiceTest" classname="Tests.Unit.StripeServiceTest" file="C:\Users\julia.DPIMEDIA\AIdoc\slimmermetai-site\tests\Unit\StripeServiceTest.php" line="270" assertions="2" time="0.000799"/>
        <testcase name="testCreatePaymentIntentCallsStripeSDK" class="Tests\Unit\StripeServiceTest" classname="Tests.Unit.StripeServiceTest" file="C:\Users\julia.DPIMEDIA\AIdoc\slimmermetai-site\tests\Unit\StripeServiceTest.php" line="310" assertions="1" time="0.000555"/>
      </testsuite>
    </testsuite>
    <testsuite name="Feature" tests="40" assertions="276" errors="0" warnings="0" failures="3" skipped="1" time="12.665313">
      <testsuite name="Tests\Feature\AuthControllerTest" file="C:\Users\julia.DPIMEDIA\AIdoc\slimmermetai-site\tests\Feature\AuthControllerTest.php" tests="17" assertions="53" errors="0" warnings="0" failures="0" skipped="1" time="0.018021">
        <testcase name="testLoginWithValidCredentials" class="Tests\Feature\AuthControllerTest" classname="Tests.Feature.AuthControllerTest" file="C:\Users\julia.DPIMEDIA\AIdoc\slimmermetai-site\tests\Feature\AuthControllerTest.php" line="43" assertions="6" time="0.004383"/>
        <testcase name="testLoginWithInvalidCredentials" class="Tests\Feature\AuthControllerTest" classname="Tests.Feature.AuthControllerTest" file="C:\Users\julia.DPIMEDIA\AIdoc\slimmermetai-site\tests\Feature\AuthControllerTest.php" line="111" assertions="4" time="0.000929"/>
        <testcase name="testLoginWithMissingCredentials" class="Tests\Feature\AuthControllerTest" classname="Tests.Feature.AuthControllerTest" file="C:\Users\julia.DPIMEDIA\AIdoc\slimmermetai-site\tests\Feature\AuthControllerTest.php" line="141" assertions="3" time="0.000657"/>
        <testcase name="testRegisterWithValidData_SKIP" class="Tests\Feature\AuthControllerTest" classname="Tests.Feature.AuthControllerTest" file="C:\Users\julia.DPIMEDIA\AIdoc\slimmermetai-site\tests\Feature\AuthControllerTest.php" line="157" assertions="0" time="0.000422">
          <skipped/>
        </testcase>
        <testcase name="testRegisterWithExistingEmail" class="Tests\Feature\AuthControllerTest" classname="Tests.Feature.AuthControllerTest" file="C:\Users\julia.DPIMEDIA\AIdoc\slimmermetai-site\tests\Feature\AuthControllerTest.php" line="229" assertions="3" time="0.000817"/>
        <testcase name="testRegisterWithValidationErrors" class="Tests\Feature\AuthControllerTest" classname="Tests.Feature.AuthControllerTest" file="C:\Users\julia.DPIMEDIA\AIdoc\slimmermetai-site\tests\Feature\AuthControllerTest.php" line="259" assertions="4" time="0.000912"/>
        <testcase name="testMeWithValidToken" class="Tests\Feature\AuthControllerTest" classname="Tests.Feature.AuthControllerTest" file="C:\Users\julia.DPIMEDIA\AIdoc\slimmermetai-site\tests\Feature\AuthControllerTest.php" line="278" assertions="3" time="0.001375"/>
        <testcase name="testMeWithoutToken" class="Tests\Feature\AuthControllerTest" classname="Tests.Feature.AuthControllerTest" file="C:\Users\julia.DPIMEDIA\AIdoc\slimmermetai-site\tests\Feature\AuthControllerTest.php" line="317" assertions="3" time="0.000628"/>
        <testcase name="testMeWithInvalidToken" class="Tests\Feature\AuthControllerTest" classname="Tests.Feature.AuthControllerTest" file="C:\Users\julia.DPIMEDIA\AIdoc\slimmermetai-site\tests\Feature\AuthControllerTest.php" line="331" assertions="3" time="0.000715"/>
        <testcase name="testForgotPasswordWithValidEmail" class="Tests\Feature\AuthControllerTest" classname="Tests.Feature.AuthControllerTest" file="C:\Users\julia.DPIMEDIA\AIdoc\slimmermetai-site\tests\Feature\AuthControllerTest.php" line="350" assertions="3" time="0.001404"/>
        <testcase name="testForgotPasswordWithInvalidEmail" class="Tests\Feature\AuthControllerTest" classname="Tests.Feature.AuthControllerTest" file="C:\Users\julia.DPIMEDIA\AIdoc\slimmermetai-site\tests\Feature\AuthControllerTest.php" line="382" assertions="3" time="0.000684"/>
        <testcase name="testLogout" class="Tests\Feature\AuthControllerTest" classname="Tests.Feature.AuthControllerTest" file="C:\Users\julia.DPIMEDIA\AIdoc\slimmermetai-site\tests\Feature\AuthControllerTest.php" line="398" assertions="3" time="0.000620"/>
        <testcase name="testInvalidEndpoint" class="Tests\Feature\AuthControllerTest" classname="Tests.Feature.AuthControllerTest" file="C:\Users\julia.DPIMEDIA\AIdoc\slimmermetai-site\tests\Feature\AuthControllerTest.php" line="411" assertions="3" time="0.000616"/>
        <testcase name="testResetPasswordWithValidToken" class="Tests\Feature\AuthControllerTest" classname="Tests.Feature.AuthControllerTest" file="C:\Users\julia.DPIMEDIA\AIdoc\slimmermetai-site\tests\Feature\AuthControllerTest.php" line="424" assertions="3" time="0.001046"/>
        <testcase name="testResetPasswordWithInvalidToken" class="Tests\Feature\AuthControllerTest" classname="Tests.Feature.AuthControllerTest" file="C:\Users\julia.DPIMEDIA\AIdoc\slimmermetai-site\tests\Feature\AuthControllerTest.php" line="468" assertions="3" time="0.000761"/>
        <testcase name="testVerifyEmailWithValidToken" class="Tests\Feature\AuthControllerTest" classname="Tests.Feature.AuthControllerTest" file="C:\Users\julia.DPIMEDIA\AIdoc\slimmermetai-site\tests\Feature\AuthControllerTest.php" line="490" assertions="3" time="0.001356"/>
        <testcase name="testRefreshTokenNotImplemented" class="Tests\Feature\AuthControllerTest" classname="Tests.Feature.AuthControllerTest" file="C:\Users\julia.DPIMEDIA\AIdoc\slimmermetai-site\tests\Feature\AuthControllerTest.php" line="520" assertions="3" time="0.000695"/>
      </testsuite>
      <testsuite name="Tests\Feature\FullUserJourneyFeatureTest" file="C:\Users\julia.DPIMEDIA\AIdoc\slimmermetai-site\tests\Feature\FullUserJourneyFeatureTest.php" tests="8" assertions="92" errors="0" warnings="0" failures="2" skipped="0" time="8.891481">
        <testcase name="testCompleteUserLifecycleFromRegistrationToLogin" class="Tests\Feature\FullUserJourneyFeatureTest" classname="Tests.Feature.FullUserJourneyFeatureTest" file="C:\Users\julia.DPIMEDIA\AIdoc\slimmermetai-site\tests\Feature\FullUserJourneyFeatureTest.php" line="40" assertions="18" time="0.622275"/>
        <testcase name="testPasswordResetCompleteFlow" class="Tests\Feature\FullUserJourneyFeatureTest" classname="Tests.Feature.FullUserJourneyFeatureTest" file="C:\Users\julia.DPIMEDIA\AIdoc\slimmermetai-site\tests\Feature\FullUserJourneyFeatureTest.php" line="115" assertions="5" time="0.816514"/>
        <testcase name="testEmailVerificationCompleteFlow" class="Tests\Feature\FullUserJourneyFeatureTest" classname="Tests.Feature.FullUserJourneyFeatureTest" file="C:\Users\julia.DPIMEDIA\AIdoc\slimmermetai-site\tests\Feature\FullUserJourneyFeatureTest.php" line="172" assertions="4" time="0.001752"/>
        <testcase name="testMultipleFailedLoginAttempts" class="Tests\Feature\FullUserJourneyFeatureTest" classname="Tests.Feature.FullUserJourneyFeatureTest" file="C:\Users\julia.DPIMEDIA\AIdoc\slimmermetai-site\tests\Feature\FullUserJourneyFeatureTest.php" line="208" assertions="6" time="1.228987">
          <failure type="PHPUnit\Framework\ExpectationFailedException">Tests\Feature\FullUserJourneyFeatureTest::testMultipleFailedLoginAttempts
Failed asserting that 0 matches expected 5.

C:\Users\julia.DPIMEDIA\AIdoc\slimmermetai-site\tests\Feature\FullUserJourneyFeatureTest.php:231</failure>
        </testcase>
        <testcase name="testTokenBlacklistingFlow" class="Tests\Feature\FullUserJourneyFeatureTest" classname="Tests.Feature.FullUserJourneyFeatureTest" file="C:\Users\julia.DPIMEDIA\AIdoc\slimmermetai-site\tests\Feature\FullUserJourneyFeatureTest.php" line="244" assertions="20" time="0.634100">
          <failure type="PHPUnit\Framework\ExpectationFailedException">Tests\Feature\FullUserJourneyFeatureTest::testTokenBlacklistingFlow
Failed asserting that 200 matches expected 401.

C:\Users\julia.DPIMEDIA\AIdoc\slimmermetai-site\tests\Feature\FullUserJourneyFeatureTest.php:264</failure>
        </testcase>
        <testcase name="testUserAccountSecurity" class="Tests\Feature\FullUserJourneyFeatureTest" classname="Tests.Feature.FullUserJourneyFeatureTest" file="C:\Users\julia.DPIMEDIA\AIdoc\slimmermetai-site\tests\Feature\FullUserJourneyFeatureTest.php" line="267" assertions="11" time="0.826678"/>
        <testcase name="testDataIntegrityThroughoutJourney" class="Tests\Feature\FullUserJourneyFeatureTest" classname="Tests.Feature.FullUserJourneyFeatureTest" file="C:\Users\julia.DPIMEDIA\AIdoc\slimmermetai-site\tests\Feature\FullUserJourneyFeatureTest.php" line="310" assertions="6" time="0.619242"/>
        <testcase name="testConcurrentUserOperations" class="Tests\Feature\FullUserJourneyFeatureTest" classname="Tests.Feature.FullUserJourneyFeatureTest" file="C:\Users\julia.DPIMEDIA\AIdoc\slimmermetai-site\tests\Feature\FullUserJourneyFeatureTest.php" line="349" assertions="22" time="4.141933"/>
      </testsuite>
      <testsuite name="Tests\Feature\StripeControllerTest" file="C:\Users\julia.DPIMEDIA\AIdoc\slimmermetai-site\tests\Feature\StripeControllerTest.php" tests="6" assertions="27" errors="0" warnings="0" failures="0" skipped="0" time="0.004670">
        <testcase name="testCreateCheckoutSessionWithValidItems" class="Tests\Feature\StripeControllerTest" classname="Tests.Feature.StripeControllerTest" file="C:\Users\julia.DPIMEDIA\AIdoc\slimmermetai-site\tests\Feature\StripeControllerTest.php" line="28" assertions="5" time="0.000689"/>
        <testcase name="testCreateCheckoutSessionWithException" class="Tests\Feature\StripeControllerTest" classname="Tests.Feature.StripeControllerTest" file="C:\Users\julia.DPIMEDIA\AIdoc\slimmermetai-site\tests\Feature\StripeControllerTest.php" line="49" assertions="3" time="0.000870"/>
        <testcase name="testStatusSuccess" class="Tests\Feature\StripeControllerTest" classname="Tests.Feature.StripeControllerTest" file="C:\Users\julia.DPIMEDIA\AIdoc\slimmermetai-site\tests\Feature\StripeControllerTest.php" line="65" assertions="5" time="0.000580"/>
        <testcase name="testWebhookSuccess" class="Tests\Feature\StripeControllerTest" classname="Tests.Feature.StripeControllerTest" file="C:\Users\julia.DPIMEDIA\AIdoc\slimmermetai-site\tests\Feature\StripeControllerTest.php" line="86" assertions="5" time="0.000550"/>
        <testcase name="testWebhookException" class="Tests\Feature\StripeControllerTest" classname="Tests.Feature.StripeControllerTest" file="C:\Users\julia.DPIMEDIA\AIdoc\slimmermetai-site\tests\Feature\StripeControllerTest.php" line="105" assertions="3" time="0.000611"/>
        <testcase name="testConfigSuccess" class="Tests\Feature\StripeControllerTest" classname="Tests.Feature.StripeControllerTest" file="C:\Users\julia.DPIMEDIA\AIdoc\slimmermetai-site\tests\Feature\StripeControllerTest.php" line="120" assertions="6" time="0.001369"/>
      </testsuite>
      <testsuite name="Tests\Feature\UserRegistrationFeatureTest" file="C:\Users\julia.DPIMEDIA\AIdoc\slimmermetai-site\tests\Feature\UserRegistrationFeatureTest.php" tests="9" assertions="104" errors="0" warnings="0" failures="1" skipped="0" time="3.751140">
        <testcase name="testCompleteUserRegistrationJourney" class="Tests\Feature\UserRegistrationFeatureTest" classname="Tests.Feature.UserRegistrationFeatureTest" file="C:\Users\julia.DPIMEDIA\AIdoc\slimmermetai-site\tests\Feature\UserRegistrationFeatureTest.php" line="41" assertions="21" time="0.622698"/>
        <testcase name="testUserRegistrationWithInvalidData" class="Tests\Feature\UserRegistrationFeatureTest" classname="Tests.Feature.UserRegistrationFeatureTest" file="C:\Users\julia.DPIMEDIA\AIdoc\slimmermetai-site\tests\Feature\UserRegistrationFeatureTest.php" line="132" assertions="16" time="0.002076"/>
        <testcase name="testRegistrationWithExistingEmail" class="Tests\Feature\UserRegistrationFeatureTest" classname="Tests.Feature.UserRegistrationFeatureTest" file="C:\Users\julia.DPIMEDIA\AIdoc\slimmermetai-site\tests\Feature\UserRegistrationFeatureTest.php" line="183" assertions="4" time="0.213517"/>
        <testcase name="testEmailVerificationFlow" class="Tests\Feature\UserRegistrationFeatureTest" classname="Tests.Feature.UserRegistrationFeatureTest" file="C:\Users\julia.DPIMEDIA\AIdoc\slimmermetai-site\tests\Feature\UserRegistrationFeatureTest.php" line="213" assertions="4" time="0.208735"/>
        <testcase name="testPasswordResetFlow" class="Tests\Feature\UserRegistrationFeatureTest" classname="Tests.Feature.UserRegistrationFeatureTest" file="C:\Users\julia.DPIMEDIA\AIdoc\slimmermetai-site\tests\Feature\UserRegistrationFeatureTest.php" line="255" assertions="9" time="0.840861"/>
        <testcase name="testUserProfileUpdate" class="Tests\Feature\UserRegistrationFeatureTest" classname="Tests.Feature.UserRegistrationFeatureTest" file="C:\Users\julia.DPIMEDIA\AIdoc\slimmermetai-site\tests\Feature\UserRegistrationFeatureTest.php" line="329" assertions="23" time="0.620718"/>
        <testcase name="testAccountDeletion" class="Tests\Feature\UserRegistrationFeatureTest" classname="Tests.Feature.UserRegistrationFeatureTest" file="C:\Users\julia.DPIMEDIA\AIdoc\slimmermetai-site\tests\Feature\UserRegistrationFeatureTest.php" line="353" assertions="23" time="0.621016"/>
        <testcase name="testSecurityFeatures" class="Tests\Feature\UserRegistrationFeatureTest" classname="Tests.Feature.UserRegistrationFeatureTest" file="C:\Users\julia.DPIMEDIA\AIdoc\slimmermetai-site\tests\Feature\UserRegistrationFeatureTest.php" line="374" assertions="3" time="0.619142"/>
        <testcase name="testDataValidationAndSanitization" class="Tests\Feature\UserRegistrationFeatureTest" classname="Tests.Feature.UserRegistrationFeatureTest" file="C:\Users\julia.DPIMEDIA\AIdoc\slimmermetai-site\tests\Feature\UserRegistrationFeatureTest.php" line="399" assertions="1" time="0.002378">
          <failure type="PHPUnit\Framework\ExpectationFailedException">Tests\Feature\UserRegistrationFeatureTest::testDataValidationAndSanitization
Failed asserting that an array contains 409.

C:\Users\julia.DPIMEDIA\AIdoc\slimmermetai-site\tests\Feature\UserRegistrationFeatureTest.php:416</failure>
        </testcase>
      </testsuite>
    </testsuite>
    <testsuite name="Integration" tests="51" assertions="180" errors="0" warnings="0" failures="1" skipped="0" time="3.431799">
      <testsuite name="Tests\Integration\AuthControllerIntegrationTest" file="C:\Users\julia.DPIMEDIA\AIdoc\slimmermetai-site\tests\Integration\AuthControllerIntegrationTest.php" tests="13" assertions="60" errors="0" warnings="0" failures="1" skipped="0" time="1.258108">
        <testcase name="testCompleteRegistrationFlow" class="Tests\Integration\AuthControllerIntegrationTest" classname="Tests.Integration.AuthControllerIntegrationTest" file="C:\Users\julia.DPIMEDIA\AIdoc\slimmermetai-site\tests\Integration\AuthControllerIntegrationTest.php" line="40" assertions="10" time="0.417926"/>
        <testcase name="testCompleteLoginFlow" class="Tests\Integration\AuthControllerIntegrationTest" classname="Tests.Integration.AuthControllerIntegrationTest" file="C:\Users\julia.DPIMEDIA\AIdoc\slimmermetai-site\tests\Integration\AuthControllerIntegrationTest.php" line="78" assertions="7" time="0.415275"/>
        <testcase name="testLoginWithInvalidCredentials" class="Tests\Integration\AuthControllerIntegrationTest" classname="Tests.Integration.AuthControllerIntegrationTest" file="C:\Users\julia.DPIMEDIA\AIdoc\slimmermetai-site\tests\Integration\AuthControllerIntegrationTest.php" line="117" assertions="4" time="0.001662"/>
        <testcase name="testMeEndpointWithValidToken" class="Tests\Integration\AuthControllerIntegrationTest" classname="Tests.Integration.AuthControllerIntegrationTest" file="C:\Users\julia.DPIMEDIA\AIdoc\slimmermetai-site\tests\Integration\AuthControllerIntegrationTest.php" line="140" assertions="4" time="0.001844"/>
        <testcase name="testMeEndpointWithInvalidToken" class="Tests\Integration\AuthControllerIntegrationTest" classname="Tests.Integration.AuthControllerIntegrationTest" file="C:\Users\julia.DPIMEDIA\AIdoc\slimmermetai-site\tests\Integration\AuthControllerIntegrationTest.php" line="165" assertions="3" time="0.001824"/>
        <testcase name="testForgotPasswordFlow" class="Tests\Integration\AuthControllerIntegrationTest" classname="Tests.Integration.AuthControllerIntegrationTest" file="C:\Users\julia.DPIMEDIA\AIdoc\slimmermetai-site\tests\Integration\AuthControllerIntegrationTest.php" line="179" assertions="5" time="0.001580"/>
        <testcase name="testResetPasswordFlow" class="Tests\Integration\AuthControllerIntegrationTest" classname="Tests.Integration.AuthControllerIntegrationTest" file="C:\Users\julia.DPIMEDIA\AIdoc\slimmermetai-site\tests\Integration\AuthControllerIntegrationTest.php" line="205" assertions="5" time="0.407443"/>
        <testcase name="testEmailVerificationFlow" class="Tests\Integration\AuthControllerIntegrationTest" classname="Tests.Integration.AuthControllerIntegrationTest" file="C:\Users\julia.DPIMEDIA\AIdoc\slimmermetai-site\tests\Integration\AuthControllerIntegrationTest.php" line="241" assertions="4" time="0.002388"/>
        <testcase name="testLogoutEndpoint" class="Tests\Integration\AuthControllerIntegrationTest" classname="Tests.Integration.AuthControllerIntegrationTest" file="C:\Users\julia.DPIMEDIA\AIdoc\slimmermetai-site\tests\Integration\AuthControllerIntegrationTest.php" line="271" assertions="3" time="0.001544"/>
        <testcase name="testRegistrationValidationErrors" class="Tests\Integration\AuthControllerIntegrationTest" classname="Tests.Integration.AuthControllerIntegrationTest" file="C:\Users\julia.DPIMEDIA\AIdoc\slimmermetai-site\tests\Integration\AuthControllerIntegrationTest.php" line="284" assertions="7" time="0.001388"/>
        <testcase name="testInvalidEndpoint" class="Tests\Integration\AuthControllerIntegrationTest" classname="Tests.Integration.AuthControllerIntegrationTest" file="C:\Users\julia.DPIMEDIA\AIdoc\slimmermetai-site\tests\Integration\AuthControllerIntegrationTest.php" line="306" assertions="3" time="0.001377"/>
        <testcase name="testRateLimitingOnFailedLogins" class="Tests\Integration\AuthControllerIntegrationTest" classname="Tests.Integration.AuthControllerIntegrationTest" file="C:\Users\julia.DPIMEDIA\AIdoc\slimmermetai-site\tests\Integration\AuthControllerIntegrationTest.php" line="319" assertions="1" time="0.001842">
          <failure type="PHPUnit\Framework\ExpectationFailedException">Tests\Integration\AuthControllerIntegrationTest::testRateLimitingOnFailedLogins
Failed asserting that 401 matches expected 429.

C:\Users\julia.DPIMEDIA\AIdoc\slimmermetai-site\tests\Integration\AuthControllerIntegrationTest.php:338</failure>
        </testcase>
        <testcase name="testCORSHeaders" class="Tests\Integration\AuthControllerIntegrationTest" classname="Tests.Integration.AuthControllerIntegrationTest" file="C:\Users\julia.DPIMEDIA\AIdoc\slimmermetai-site\tests\Integration\AuthControllerIntegrationTest.php" line="345" assertions="4" time="0.002014"/>
      </testsuite>
      <testsuite name="Tests\Integration\AuthRepositoryIntegrationTest" file="C:\Users\julia.DPIMEDIA\AIdoc\slimmermetai-site\tests\Integration\AuthRepositoryIntegrationTest.php" tests="14" assertions="37" errors="0" warnings="0" failures="0" skipped="0" time="0.014125">
        <testcase name="testCreateUserWithRealDatabase" class="Tests\Integration\AuthRepositoryIntegrationTest" classname="Tests.Integration.AuthRepositoryIntegrationTest" file="C:\Users\julia.DPIMEDIA\AIdoc\slimmermetai-site\tests\Integration\AuthRepositoryIntegrationTest.php" line="21" assertions="5" time="0.001063"/>
        <testcase name="testFindUserByEmailWithRealDatabase" class="Tests\Integration\AuthRepositoryIntegrationTest" classname="Tests.Integration.AuthRepositoryIntegrationTest" file="C:\Users\julia.DPIMEDIA\AIdoc\slimmermetai-site\tests\Integration\AuthRepositoryIntegrationTest.php" line="39" assertions="3" time="0.000872"/>
        <testcase name="testUpdatePasswordWithRealDatabase" class="Tests\Integration\AuthRepositoryIntegrationTest" classname="Tests.Integration.AuthRepositoryIntegrationTest" file="C:\Users\julia.DPIMEDIA\AIdoc\slimmermetai-site\tests\Integration\AuthRepositoryIntegrationTest.php" line="50" assertions="2" time="0.000785"/>
        <testcase name="testCreateEmailVerificationToken" class="Tests\Integration\AuthRepositoryIntegrationTest" classname="Tests.Integration.AuthRepositoryIntegrationTest" file="C:\Users\julia.DPIMEDIA\AIdoc\slimmermetai-site\tests\Integration\AuthRepositoryIntegrationTest.php" line="66" assertions="4" time="0.000866"/>
        <testcase name="testVerifyEmailTokenWithRealDatabase" class="Tests\Integration\AuthRepositoryIntegrationTest" classname="Tests.Integration.AuthRepositoryIntegrationTest" file="C:\Users\julia.DPIMEDIA\AIdoc\slimmermetai-site\tests\Integration\AuthRepositoryIntegrationTest.php" line="86" assertions="3" time="0.000961"/>
        <testcase name="testCreatePasswordResetTokenWithRealDatabase" class="Tests\Integration\AuthRepositoryIntegrationTest" classname="Tests.Integration.AuthRepositoryIntegrationTest" file="C:\Users\julia.DPIMEDIA\AIdoc\slimmermetai-site\tests\Integration\AuthRepositoryIntegrationTest.php" line="108" assertions="3" time="0.000867"/>
        <testcase name="testLogLoginAttemptWithRealDatabase" class="Tests\Integration\AuthRepositoryIntegrationTest" classname="Tests.Integration.AuthRepositoryIntegrationTest" file="C:\Users\julia.DPIMEDIA\AIdoc\slimmermetai-site\tests\Integration\AuthRepositoryIntegrationTest.php" line="124" assertions="4" time="0.000876"/>
        <testcase name="testGetFailedLoginAttemptsWithRealDatabase" class="Tests\Integration\AuthRepositoryIntegrationTest" classname="Tests.Integration.AuthRepositoryIntegrationTest" file="C:\Users\julia.DPIMEDIA\AIdoc\slimmermetai-site\tests\Integration\AuthRepositoryIntegrationTest.php" line="143" assertions="1" time="0.000988"/>
        <testcase name="testBlacklistTokenWithRealDatabase" class="Tests\Integration\AuthRepositoryIntegrationTest" classname="Tests.Integration.AuthRepositoryIntegrationTest" file="C:\Users\julia.DPIMEDIA\AIdoc\slimmermetai-site\tests\Integration\AuthRepositoryIntegrationTest.php" line="159" assertions="2" time="0.000836"/>
        <testcase name="testUpdateLastLoginWithRealDatabase" class="Tests\Integration\AuthRepositoryIntegrationTest" classname="Tests.Integration.AuthRepositoryIntegrationTest" file="C:\Users\julia.DPIMEDIA\AIdoc\slimmermetai-site\tests\Integration\AuthRepositoryIntegrationTest.php" line="172" assertions="2" time="0.000906"/>
        <testcase name="testDeleteExpiredTokensWithRealDatabase" class="Tests\Integration\AuthRepositoryIntegrationTest" classname="Tests.Integration.AuthRepositoryIntegrationTest" file="C:\Users\julia.DPIMEDIA\AIdoc\slimmermetai-site\tests\Integration\AuthRepositoryIntegrationTest.php" line="188" assertions="3" time="0.001013"/>
        <testcase name="testUserLoginHistoryWithRealDatabase" class="Tests\Integration\AuthRepositoryIntegrationTest" classname="Tests.Integration.AuthRepositoryIntegrationTest" file="C:\Users\julia.DPIMEDIA\AIdoc\slimmermetai-site\tests\Integration\AuthRepositoryIntegrationTest.php" line="212" assertions="3" time="0.001481"/>
        <testcase name="testCreateUserWithDuplicateEmailFails" class="Tests\Integration\AuthRepositoryIntegrationTest" classname="Tests.Integration.AuthRepositoryIntegrationTest" file="C:\Users\julia.DPIMEDIA\AIdoc\slimmermetai-site\tests\Integration\AuthRepositoryIntegrationTest.php" line="229" assertions="1" time="0.001750"/>
        <testcase name="testTransactionRollbackOnError" class="Tests\Integration\AuthRepositoryIntegrationTest" classname="Tests.Integration.AuthRepositoryIntegrationTest" file="C:\Users\julia.DPIMEDIA\AIdoc\slimmermetai-site\tests\Integration\AuthRepositoryIntegrationTest.php" line="240" assertions="1" time="0.000859"/>
      </testsuite>
      <testsuite name="Tests\Integration\AuthServiceIntegrationTest" file="C:\Users\julia.DPIMEDIA\AIdoc\slimmermetai-site\tests\Integration\AuthServiceIntegrationTest.php" tests="13" assertions="53" errors="0" warnings="0" failures="0" skipped="0" time="2.083967">
        <testcase name="testFullLoginFlowWithRealServices" class="Tests\Integration\AuthServiceIntegrationTest" classname="Tests.Integration.AuthServiceIntegrationTest" file="C:\Users\julia.DPIMEDIA\AIdoc\slimmermetai-site\tests\Integration\AuthServiceIntegrationTest.php" line="37" assertions="8" time="0.624604"/>
        <testcase name="testFullRegistrationFlowWithRealServices" class="Tests\Integration\AuthServiceIntegrationTest" classname="Tests.Integration.AuthServiceIntegrationTest" file="C:\Users\julia.DPIMEDIA\AIdoc\slimmermetai-site\tests\Integration\AuthServiceIntegrationTest.php" line="71" assertions="7" time="0.417775"/>
        <testcase name="testLoginWithWrongPasswordFails" class="Tests\Integration\AuthServiceIntegrationTest" classname="Tests.Integration.AuthServiceIntegrationTest" file="C:\Users\julia.DPIMEDIA\AIdoc\slimmermetai-site\tests\Integration\AuthServiceIntegrationTest.php" line="93" assertions="2" time="0.001787"/>
        <testcase name="testRegistrationWithWeakPasswordFails" class="Tests\Integration\AuthServiceIntegrationTest" classname="Tests.Integration.AuthServiceIntegrationTest" file="C:\Users\julia.DPIMEDIA\AIdoc\slimmermetai-site\tests\Integration\AuthServiceIntegrationTest.php" line="104" assertions="2" time="0.001692"/>
        <testcase name="testRegistrationWithExistingEmailFails" class="Tests\Integration\AuthServiceIntegrationTest" classname="Tests.Integration.AuthServiceIntegrationTest" file="C:\Users\julia.DPIMEDIA\AIdoc\slimmermetai-site\tests\Integration\AuthServiceIntegrationTest.php" line="115" assertions="2" time="0.001512"/>
        <testcase name="testTokenVerificationWithRealJWT" class="Tests\Integration\AuthServiceIntegrationTest" classname="Tests.Integration.AuthServiceIntegrationTest" file="C:\Users\julia.DPIMEDIA\AIdoc\slimmermetai-site\tests\Integration\AuthServiceIntegrationTest.php" line="126" assertions="3" time="0.002224"/>
        <testcase name="testTokenRefreshWithRealJWT" class="Tests\Integration\AuthServiceIntegrationTest" classname="Tests.Integration.AuthServiceIntegrationTest" file="C:\Users\julia.DPIMEDIA\AIdoc\slimmermetai-site\tests\Integration\AuthServiceIntegrationTest.php" line="146" assertions="4" time="0.001850"/>
        <testcase name="testLogoutSucceeds" class="Tests\Integration\AuthServiceIntegrationTest" classname="Tests.Integration.AuthServiceIntegrationTest" file="C:\Users\julia.DPIMEDIA\AIdoc\slimmermetai-site\tests\Integration\AuthServiceIntegrationTest.php" line="169" assertions="1" time="0.001154"/>
        <testcase name="testGetCurrentUserWithValidPayload" class="Tests\Integration\AuthServiceIntegrationTest" classname="Tests.Integration.AuthServiceIntegrationTest" file="C:\Users\julia.DPIMEDIA\AIdoc\slimmermetai-site\tests\Integration\AuthServiceIntegrationTest.php" line="176" assertions="2" time="0.001144"/>
        <testcase name="testPasswordStrengthValidation" class="Tests\Integration\AuthServiceIntegrationTest" classname="Tests.Integration.AuthServiceIntegrationTest" file="C:\Users\julia.DPIMEDIA\AIdoc\slimmermetai-site\tests\Integration\AuthServiceIntegrationTest.php" line="189" assertions="7" time="0.001174"/>
        <testcase name="testPasswordHashingAndVerification" class="Tests\Integration\AuthServiceIntegrationTest" classname="Tests.Integration.AuthServiceIntegrationTest" file="C:\Users\julia.DPIMEDIA\AIdoc\slimmermetai-site\tests\Integration\AuthServiceIntegrationTest.php" line="205" assertions="3" time="0.621009"/>
        <testcase name="testJWTTokenGenerationAndVerification" class="Tests\Integration\AuthServiceIntegrationTest" classname="Tests.Integration.AuthServiceIntegrationTest" file="C:\Users\julia.DPIMEDIA\AIdoc\slimmermetai-site\tests\Integration\AuthServiceIntegrationTest.php" line="217" assertions="5" time="0.001630"/>
        <testcase name="testCompleteUserLifecycle" class="Tests\Integration\AuthServiceIntegrationTest" classname="Tests.Integration.AuthServiceIntegrationTest" file="C:\Users\julia.DPIMEDIA\AIdoc\slimmermetai-site\tests\Integration\AuthServiceIntegrationTest.php" line="238" assertions="7" time="0.406412"/>
      </testsuite>
      <testsuite name="Tests\Integration\DatabaseMockTest" file="C:\Users\julia.DPIMEDIA\AIdoc\slimmermetai-site\tests\Integration\DatabaseMockTest.php" tests="11" assertions="30" errors="0" warnings="0" failures="0" skipped="0" time="0.075599">
        <testcase name="testMockDatabaseImplementsInterface" class="Tests\Integration\DatabaseMockTest" classname="Tests.Integration.DatabaseMockTest" file="C:\Users\julia.DPIMEDIA\AIdoc\slimmermetai-site\tests\Integration\DatabaseMockTest.php" line="25" assertions="1" time="0.015232"/>
        <testcase name="testMockDatabaseCanAddAndRetrieveData" class="Tests\Integration\DatabaseMockTest" classname="Tests.Integration.DatabaseMockTest" file="C:\Users\julia.DPIMEDIA\AIdoc\slimmermetai-site\tests\Integration\DatabaseMockTest.php" line="30" assertions="5" time="0.055514"/>
        <testcase name="testTransactionMethods" class="Tests\Integration\DatabaseMockTest" classname="Tests.Integration.DatabaseMockTest" file="C:\Users\julia.DPIMEDIA\AIdoc\slimmermetai-site\tests\Integration\DatabaseMockTest.php" line="58" assertions="3" time="0.000541"/>
        <testcase name="testQueryExecution" class="Tests\Integration\DatabaseMockTest" classname="Tests.Integration.DatabaseMockTest" file="C:\Users\julia.DPIMEDIA\AIdoc\slimmermetai-site\tests\Integration\DatabaseMockTest.php" line="65" assertions="2" time="0.000554"/>
        <testcase name="testPerformanceStatistics" class="Tests\Integration\DatabaseMockTest" classname="Tests.Integration.DatabaseMockTest" file="C:\Users\julia.DPIMEDIA\AIdoc\slimmermetai-site\tests\Integration\DatabaseMockTest.php" line="71" assertions="4" time="0.000419"/>
        <testcase name="testSlowQueries" class="Tests\Integration\DatabaseMockTest" classname="Tests.Integration.DatabaseMockTest" file="C:\Users\julia.DPIMEDIA\AIdoc\slimmermetai-site\tests\Integration\DatabaseMockTest.php" line="81" assertions="1" time="0.000301"/>
        <testcase name="testMockStatementFunctionality" class="Tests\Integration\DatabaseMockTest" classname="Tests.Integration.DatabaseMockTest" file="C:\Users\julia.DPIMEDIA\AIdoc\slimmermetai-site\tests\Integration\DatabaseMockTest.php" line="87" assertions="5" time="0.000384"/>
        <testcase name="testContainerIntegration" class="Tests\Integration\DatabaseMockTest" classname="Tests.Integration.DatabaseMockTest" file="C:\Users\julia.DPIMEDIA\AIdoc\slimmermetai-site\tests\Integration\DatabaseMockTest.php" line="98" assertions="2" time="0.000384"/>
        <testcase name="testMockDatabaseDoesNotConnectToRealDatabase" class="Tests\Integration\DatabaseMockTest" classname="Tests.Integration.DatabaseMockTest" file="C:\Users\julia.DPIMEDIA\AIdoc\slimmermetai-site\tests\Integration\DatabaseMockTest.php" line="111" assertions="2" time="0.000497"/>
        <testcase name="testMultipleDataTypes" class="Tests\Integration\DatabaseMockTest" classname="Tests.Integration.DatabaseMockTest" file="C:\Users\julia.DPIMEDIA\AIdoc\slimmermetai-site\tests\Integration\DatabaseMockTest.php" line="119" assertions="2" time="0.001277"/>
        <testcase name="testIncrementalIds" class="Tests\Integration\DatabaseMockTest" classname="Tests.Integration.DatabaseMockTest" file="C:\Users\julia.DPIMEDIA\AIdoc\slimmermetai-site\tests\Integration\DatabaseMockTest.php" line="145" assertions="3" time="0.000496"/>
      </testsuite>
    </testsuite>
    <testsuite name="E2E" tests="3" assertions="6" errors="0" warnings="0" failures="0" skipped="0" time="0.001538">
      <testsuite name="Tests\E2E\BasicE2ETest" file="C:\Users\julia.DPIMEDIA\AIdoc\slimmermetai-site\tests\E2E\BasicE2ETest.php" tests="3" assertions="6" errors="0" warnings="0" failures="0" skipped="0" time="0.001538">
        <testcase name="testApplicationCanBoot" class="Tests\E2E\BasicE2ETest" classname="Tests.E2E.BasicE2ETest" file="C:\Users\julia.DPIMEDIA\AIdoc\slimmermetai-site\tests\E2E\BasicE2ETest.php" line="15" assertions="1" time="0.000503"/>
        <testcase name="testE2EEnvironmentSetup" class="Tests\E2E\BasicE2ETest" classname="Tests.E2E.BasicE2ETest" file="C:\Users\julia.DPIMEDIA\AIdoc\slimmermetai-site\tests\E2E\BasicE2ETest.php" line="24" assertions="2" time="0.000540"/>
        <testcase name="testRequiredExtensionsAvailable" class="Tests\E2E\BasicE2ETest" classname="Tests.E2E.BasicE2ETest" file="C:\Users\julia.DPIMEDIA\AIdoc\slimmermetai-site\tests\E2E\BasicE2ETest.php" line="33" assertions="3" time="0.000495"/>
      </testsuite>
    </testsuite>
  </testsuite>
</testsuites>
